#separator \x09
#set_separator	,
#empty_field	(empty)
#unset_field	-
#path	ocsp
#open	2023-03-21-19-57-44
#fields	ts	id	hashAlgorithm	issuerNameHash	issuerKeyHash	serialNumber	certStatus	revoketime	revokereason	thisUpdate	nextUpdate
#types	time	string	string	string	string	string	string	time	string	time	time
1679442207.677309	F1APcc4ZXyOdxWt6Hf	sha1	C72E798ADDFF6134B3BAED4742B8BBC6C0240763	8A747FAF85CDEE95CD3D9CD0E24614F371351D27	9F745ADAD950AC1F121D53C904F3D7DA	good	-	-	1679410843.000000	1680012042.000000
1679442207.867992	Fod3bh2QY1ybBuIFxi	sha1	C72E798ADDFF6134B3BAED4742B8BBC6C0240763	8A747FAF85CDEE95CD3D9CD0E24614F371351D27	1E28928F53138DD70A73D36F20C58ED7	good	-	-	1679409390.000000	1680010589.000000
1679442207.883865	FQYHoA2pJ8bczaWJN4	sha1	C72E798ADDFF6134B3BAED4742B8BBC6C0240763	8A747FAF85CDEE95CD3D9CD0E24614F371351D27	4851571D80125BF21290F95AAF281BEE	good	-	-	1679410841.000000	1680012040.000000
1679442207.910464	FicBqn3u5hhJsVVwF4	sha1	C72E798ADDFF6134B3BAED4742B8BBC6C0240763	8A747FAF85CDEE95CD3D9CD0E24614F371351D27	4851571D80125BF21290F95AAF281BEE	good	-	-	1679410841.000000	1680012040.000000
1679442207.986848	FNfWIw4zERdpf9UrNb	sha1	C72E798ADDFF6134B3BAED4742B8BBC6C0240763	8A747FAF85CDEE95CD3D9CD0E24614F371351D27	4851571D80125BF21290F95AAF281BEE	good	-	-	1679410841.000000	1680012040.000000
1679442208.920428	F6c7gl2qoPGmUf19gg	sha1	C72E798ADDFF6134B3BAED4742B8BBC6C0240763	8A747FAF85CDEE95CD3D9CD0E24614F371351D27	032B76D6AAC6DB830A2A09C20F18E0DC	good	-	-	1679409012.000000	1680010211.000000
1679442208.978427	FiPSvV3eiuUq1eBje3	sha1	C72E798ADDFF6134B3BAED4742B8BBC6C0240763	8A747FAF85CDEE95CD3D9CD0E24614F371351D27	1E28928F53138DD70A73D36F20C58ED7	good	-	-	1679409390.000000	1680010589.000000
1679442209.008227	FodR1FPDPNoW3yW27	sha1	C72E798ADDFF6134B3BAED4742B8BBC6C0240763	8A747FAF85CDEE95CD3D9CD0E24614F371351D27	1E28928F53138DD70A73D36F20C58ED7	good	-	-	1679409390.000000	1680010589.000000
1679442209.008354	Fnviybgt9RD6boOF5	sha1	C72E798ADDFF6134B3BAED4742B8BBC6C0240763	8A747FAF85CDEE95CD3D9CD0E24614F371351D27	1E28928F53138DD70A73D36F20C58ED7	good	-	-	1679409390.000000	1680010589.000000
1679442209.129498	Fd2W0l157UgUsGck3h	sha1	C72E798ADDFF6134B3BAED4742B8BBC6C0240763	8A747FAF85CDEE95CD3D9CD0E24614F371351D27	28B4CE5449A7CF700A6421496ED39792	good	-	-	1679410841.000000	1680012040.000000
1679442209.253005	Ff2woe4YWNQWABdRzc	sha1	C72E798ADDFF6134B3BAED4742B8BBC6C0240763	8A747FAF85CDEE95CD3D9CD0E24614F371351D27	28B4CE5449A7CF700A6421496ED39792	good	-	-	1679410841.000000	1680012040.000000
1679442209.254568	FatIbwde9oVyMCFM4	sha1	C72E798ADDFF6134B3BAED4742B8BBC6C0240763	8A747FAF85CDEE95CD3D9CD0E24614F371351D27	C5153B187140B7B712A5D7240ED3775F	good	-	-	1679410843.000000	1680012042.000000
1679442209.371144	FgJNXF1jIISgHMTAuk	sha1	C72E798ADDFF6134B3BAED4742B8BBC6C0240763	8A747FAF85CDEE95CD3D9CD0E24614F371351D27	C5153B187140B7B712A5D7240ED3775F	good	-	-	1679410843.000000	1680012042.000000
1679442212.828241	Fli1Gl2YGdL2Jq8Leh	sha1	430BD20E4F137A1A6C918F24E5DA7E324D4733C8	8D8C5EC454AD8AE177E99BF99B05E1B8018D61E1	47C9759900B3688F191A25D4472423AE	good	-	-	1679412042.000000	1680016841.000000
1679442222.666762	FiqfBL1eBiqmxH2kWk	sha1	48DAC9A0FB2BD32D4FF0DE68D2F567B735F9B3C4	142EB317B75856CBAE500940E61FAF9D8B14C2C6	04038178147C015CA02D72CAE22DCBF6A579	good	-	-	1679263200.000000	1679867998.000000
1679442222.858792	Flgcr5258Ymz5NR1R1	sha1	430BD20E4F137A1A6C918F24E5DA7E324D4733C8	8D8C5EC454AD8AE177E99BF99B05E1B8018D61E1	47C9759900B3688F191A25D4472423AE	good	-	-	1679412042.000000	1680016841.000000
1679442223.138130	F4LkDh3jzrWlnPGmn	sha1	3A1979741DCF77D3D6572B57CAFFF6F62B1D5A3A	EE9A2E46F0C2DA3C5CC78CD6A47598DEA8190A65	0C673E377885E4052335497A28F97F50	good	-	-	1679371022.000000	1679973122.000000
1679442223.239725	FtVbcf1hZF2HBaGcRk	sha1	CF26F518FAC97E8F8CB342E01C2F6A109E8E5F0A	5168FF90AF0207753CCCD9656462A212B859723B	01FFEEDEA1E59DF442D07CF1ADA22444	good	-	-	1679397302.000000	1679999402.000000
1679442223.239752	FfAZh01wXSIjJZkNZe	sha1	CF26F518FAC97E8F8CB342E01C2F6A109E8E5F0A	5168FF90AF0207753CCCD9656462A212B859723B	01FFEEDEA1E59DF442D07CF1ADA22444	good	-	-	1679397302.000000	1679999402.000000
1679442223.245899	FVkfYm3XX7gJQC84h8	sha1	CF26F518FAC97E8F8CB342E01C2F6A109E8E5F0A	5168FF90AF0207753CCCD9656462A212B859723B	01FFEEDEA1E59DF442D07CF1ADA22444	good	-	-	1679397302.000000	1679999402.000000
1679442223.245914	Fgk11l2cnNEC7aubEk	sha1	CF26F518FAC97E8F8CB342E01C2F6A109E8E5F0A	5168FF90AF0207753CCCD9656462A212B859723B	01FFEEDEA1E59DF442D07CF1ADA22444	good	-	-	1679397302.000000	1679999402.000000
1679442223.614099	FT8xOf2TF2MfK22Kg9	sha1	A17551059D2110D201B9081B73338F1C3CC7BD5F	81B80E638A891218E5FA3B3B50959FE6E5901385	023F4F8786E0F03EFD5614A1DE19B177	good	-	-	1679398741.000000	1680000841.000000
1679442223.614133	FfA9jf4OZnftXJKFU2	sha1	A17551059D2110D201B9081B73338F1C3CC7BD5F	81B80E638A891218E5FA3B3B50959FE6E5901385	023F4F8786E0F03EFD5614A1DE19B177	good	-	-	1679398741.000000	1680000841.000000
1679442223.614143	FRIoCX1ZoEmeaCQ3Wa	sha1	A17551059D2110D201B9081B73338F1C3CC7BD5F	81B80E638A891218E5FA3B3B50959FE6E5901385	023F4F8786E0F03EFD5614A1DE19B177	good	-	-	1679398741.000000	1680000841.000000
1679442223.617613	FwnKLj3bWELFd72Qz3	sha1	A17551059D2110D201B9081B73338F1C3CC7BD5F	81B80E638A891218E5FA3B3B50959FE6E5901385	0D02341C6E2594733EF782B0486FCED7	good	-	-	1679374621.000000	1679976721.000000
1679442223.710893	FmQZES34FAglJvH0v7	sha1	A17551059D2110D201B9081B73338F1C3CC7BD5F	81B80E638A891218E5FA3B3B50959FE6E5901385	023F4F8786E0F03EFD5614A1DE19B177	good	-	-	1679398741.000000	1680000841.000000
1679442226.092458	FFyzjp2g7mOEFHsjpi	sha1	8C0450EA53434941D65D1065376E4863D05A11AD	25E2180EB25791942AE5D45D869083DE53B3B892	9D290E9290B0F81112C92881E80DABF3	good	-	-	1679444961.000000	1680046160.000000
1679442226.092503	FJIDqd4mrTGbRXS5pa	sha1	8C0450EA53434941D65D1065376E4863D05A11AD	25E2180EB25791942AE5D45D869083DE53B3B892	9D290E9290B0F81112C92881E80DABF3	good	-	-	1679444961.000000	1680046160.000000
1679442227.440481	FiBnLN1vbVzz1AaCw2	sha1	C72E798ADDFF6134B3BAED4742B8BBC6C0240763	8A747FAF85CDEE95CD3D9CD0E24614F371351D27	9F745ADAD950AC1F121D53C904F3D7DA	good	-	-	1679410843.000000	1680012042.000000
1679442227.452362	FUL97n1Niryp6UHO4g	sha1	C72E798ADDFF6134B3BAED4742B8BBC6C0240763	8A747FAF85CDEE95CD3D9CD0E24614F371351D27	5564783A36D9529112D91E78AAAD65D0	good	-	-	1679409411.000000	1680010610.000000
1679442227.574252	FT0N4q3wvQVHhqv8Ig	sha1	C72E798ADDFF6134B3BAED4742B8BBC6C0240763	8A747FAF85CDEE95CD3D9CD0E24614F371351D27	5564783A36D9529112D91E78AAAD65D0	good	-	-	1679409411.000000	1680010610.000000
1679442240.777613	Fr6seu2t863r238Uvi	sha1	C72E798ADDFF6134B3BAED4742B8BBC6C0240763	8A747FAF85CDEE95CD3D9CD0E24614F371351D27	5564783A36D9529112D91E78AAAD65D0	good	-	-	1679409411.000000	1680010610.000000
1679442240.791096	FxfoVQ2Fgl1SOnAVJ5	sha1	C72E798ADDFF6134B3BAED4742B8BBC6C0240763	8A747FAF85CDEE95CD3D9CD0E24614F371351D27	B7C4DE6ECDBE662A0ADBA79728BBF7F5	good	-	-	1679409413.000000	1680010612.000000
1679442240.804871	FSxgpl1MUu71GwBB78	sha1	C72E798ADDFF6134B3BAED4742B8BBC6C0240763	8A747FAF85CDEE95CD3D9CD0E24614F371351D27	5564783A36D9529112D91E78AAAD65D0	good	-	-	1679409411.000000	1680010610.000000
1679442240.986694	FV9YWkAGEYufl8cNi	sha1	C72E798ADDFF6134B3BAED4742B8BBC6C0240763	8A747FAF85CDEE95CD3D9CD0E24614F371351D27	B7C4DE6ECDBE662A0ADBA79728BBF7F5	good	-	-	1679409413.000000	1680010612.000000
1679442241.002165	FrDlx8WL4CXSOoJy2	sha1	C72E798ADDFF6134B3BAED4742B8BBC6C0240763	8A747FAF85CDEE95CD3D9CD0E24614F371351D27	4851571D80125BF21290F95AAF281BEE	good	-	-	1679410841.000000	1680012040.000000
1679442241.004921	F88QmFXTOTRsARTjc	sha1	C72E798ADDFF6134B3BAED4742B8BBC6C0240763	8A747FAF85CDEE95CD3D9CD0E24614F371351D27	4851571D80125BF21290F95AAF281BEE	good	-	-	1679410841.000000	1680012040.000000
1679442241.785355	FObsXw22lGoQGyP7o	sha1	8C0450EA53434941D65D1065376E4863D05A11AD	25E2180EB25791942AE5D45D869083DE53B3B892	9D2BE0A82A49FB3509FA3C504D00E7E7	good	-	-	1679429175.000000	1680030374.000000
1679442241.788953	F4jnZC4Y5fJbRnUyuk	sha1	8C0450EA53434941D65D1065376E4863D05A11AD	25E2180EB25791942AE5D45D869083DE53B3B892	9D2BE0A82A49FB3509FA3C504D00E7E7	good	-	-	1679429175.000000	1680030374.000000
1679442242.021199	Fc5htUb8pl9cU6oF6	sha1	8C0450EA53434941D65D1065376E4863D05A11AD	25E2180EB25791942AE5D45D869083DE53B3B892	9D2BE0A82A49FB3509FA3C504D00E7E7	good	-	-	1679429175.000000	1680030374.000000
1679442252.424397	FktP992f1j8MoyzHv4	sha1	430BD20E4F137A1A6C918F24E5DA7E324D4733C8	8D8C5EC454AD8AE177E99BF99B05E1B8018D61E1	ED305DEF51171EBA42E438600976D82B	good	-	-	1679339185.000000	1679943984.000000
1679442252.726239	FMYhmmeAWmXn3Akpg	sha1	C72E798ADDFF6134B3BAED4742B8BBC6C0240763	8A747FAF85CDEE95CD3D9CD0E24614F371351D27	B7C4DE6ECDBE662A0ADBA79728BBF7F5	good	-	-	1679409413.000000	1680010612.000000
1679442252.737520	F9chkn3HRqT6nDQA23	sha1	430BD20E4F137A1A6C918F24E5DA7E324D4733C8	8D8C5EC454AD8AE177E99BF99B05E1B8018D61E1	ED305DEF51171EBA42E438600976D82B	good	-	-	1679339185.000000	1679943984.000000
1679442253.480575	FDKedB4tS96Rlm9oNc	sha1	48DAC9A0FB2BD32D4FF0DE68D2F567B735F9B3C4	142EB317B75856CBAE500940E61FAF9D8B14C2C6	04A19E17BAF55CC69ADEB3F92B5DAF57312A	good	-	-	1679418000.000000	1680022798.000000
1679442253.500576	FshNrL17KeplkTXCah	sha1	3A1979741DCF77D3D6572B57CAFFF6F62B1D5A3A	EE9A2E46F0C2DA3C5CC78CD6A47598DEA8190A65	0C673E377885E4052335497A28F97F50	good	-	-	1679371022.000000	1679973122.000000
1679442253.506365	FA0HdU1SsWhRRorvg7	sha1	3A1979741DCF77D3D6572B57CAFFF6F62B1D5A3A	EE9A2E46F0C2DA3C5CC78CD6A47598DEA8190A65	0C673E377885E4052335497A28F97F50	good	-	-	1679371022.000000	1679973122.000000
1679442253.527714	FkRze214QSaWqzPo2h	sha1	48DAC9A0FB2BD32D4FF0DE68D2F567B735F9B3C4	142EB317B75856CBAE500940E61FAF9D8B14C2C6	04BD1DC2BCDF2B20AC15DE054735600624F5	good	-	-	1679320800.000000	1679925598.000000
1679442253.546051	FMVUBD1u7ohrSYKAp	sha1	2B1D1E98CCF37604D6C1C8BD15A224C804130038	0ABC0829178CA5396D7A0ECE33C72EB3EDFBC37A	0537994279955361F44509FD5FA94BA0	good	-	-	1679416021.000000	1680018121.000000
1679442253.567141	FVAEkl3ofwsIzOKCyi	sha1	CF26F518FAC97E8F8CB342E01C2F6A109E8E5F0A	5168FF90AF0207753CCCD9656462A212B859723B	01FFEEDEA1E59DF442D07CF1ADA22444	good	-	-	1679397302.000000	1679999402.000000
1679442253.570237	FYuOh2248KAxsX52d1	sha1	CF26F518FAC97E8F8CB342E01C2F6A109E8E5F0A	5168FF90AF0207753CCCD9656462A212B859723B	01FFEEDEA1E59DF442D07CF1ADA22444	good	-	-	1679397302.000000	1679999402.000000
1679442253.573250	FWuVW214oaGIksRuO8	sha1	CF26F518FAC97E8F8CB342E01C2F6A109E8E5F0A	5168FF90AF0207753CCCD9656462A212B859723B	01FFEEDEA1E59DF442D07CF1ADA22444	good	-	-	1679397302.000000	1679999402.000000
1679442253.580138	F7of194dZAqJzCezSb	sha1	CF26F518FAC97E8F8CB342E01C2F6A109E8E5F0A	5168FF90AF0207753CCCD9656462A212B859723B	01FFEEDEA1E59DF442D07CF1ADA22444	good	-	-	1679397302.000000	1679999402.000000
1679442253.614757	FF3IND3PTqj8Cng3W6	sha1	CF26F518FAC97E8F8CB342E01C2F6A109E8E5F0A	5168FF90AF0207753CCCD9656462A212B859723B	01FFEEDEA1E59DF442D07CF1ADA22444	good	-	-	1679397302.000000	1679999402.000000
1679442253.757992	FVFm1u12QqZSBpBkTj	sha1	331FFE3FFD0B8416284F948D56C07E0392D8F64D	0F6BE64BCE3947AEF67E901E79F0309192C85FA3	609F9712595747A8E920F77559268787	good	-	-	1679433313.000000	1680038112.000000
1679442255.335345	FbsnrcYJ6LxnIs1Uj	sha1	12D78B402C356206FA827F8ED8922411B4ACF504	A5CE37EAEBB0750E946788B445FAD9241087961F	0855383803830EA2809EB96B95E3B1DE	good	-	-	1679261221.000000	1679863321.000000
1679442255.388199	Fd3WwLl7IQ2tJiHR9	sha1	331FFE3FFD0B8416284F948D56C07E0392D8F64D	0F6BE64BCE3947AEF67E901E79F0309192C85FA3	D7424D90271541C0695B7615E0A7E176	good	-	-	1679290980.000000	1679895779.000000
1679442255.619859	FZ6Gyl1AyKwoVh79Yi	sha1	331FFE3FFD0B8416284F948D56C07E0392D8F64D	0F6BE64BCE3947AEF67E901E79F0309192C85FA3	94935A0C8A1A3525B9A395307B7D7870	good	-	-	1679171479.000000	1679776278.000000
1679442255.759314	FQ09Mz1BVgKSjq6tWc	sha1	A17551059D2110D201B9081B73338F1C3CC7BD5F	81B80E638A891218E5FA3B3B50959FE6E5901385	010DC770EF7A90F6DCB52754F4C00B9E	good	-	-	1679391902.000000	1679994002.000000
1679442255.957424	FjaHGf3hBfBJVEn3vh	sha1	A17551059D2110D201B9081B73338F1C3CC7BD5F	81B80E638A891218E5FA3B3B50959FE6E5901385	05AB779356FAD0B118A3545077F72E45	good	-	-	1679418542.000000	1680020642.000000
1679442255.958797	FL22HE2jr1uhfDQBic	sha1	A17551059D2110D201B9081B73338F1C3CC7BD5F	81B80E638A891218E5FA3B3B50959FE6E5901385	05AB779356FAD0B118A3545077F72E45	good	-	-	1679418542.000000	1680020642.000000
1679442256.328403	FIcaLB4w6QFwDbKv87	sha1	331FFE3FFD0B8416284F948D56C07E0392D8F64D	0F6BE64BCE3947AEF67E901E79F0309192C85FA3	F85D3B302A0A565E65ADA3E51B71888C	good	-	-	1679360426.000000	1679965225.000000
1679442256.485461	FgwHRW10RwdtOL7R7a	sha1	A17551059D2110D201B9081B73338F1C3CC7BD5F	81B80E638A891218E5FA3B3B50959FE6E5901385	0D96244E035692AC204D190EDF07E1D5	good	-	-	1679377861.000000	1679979961.000000
1679442263.971204	FpiyVk230VOCU7Lxb7	sha1	C72E798ADDFF6134B3BAED4742B8BBC6C0240763	8A747FAF85CDEE95CD3D9CD0E24614F371351D27	6B4B1F8B614C88FD121849E8B347CB7E	good	-	-	1679410841.000000	1680012040.000000
1679442264.084553	FY9oqc29QMs5ImTBJ7	sha1	C72E798ADDFF6134B3BAED4742B8BBC6C0240763	8A747FAF85CDEE95CD3D9CD0E24614F371351D27	6B4B1F8B614C88FD121849E8B347CB7E	good	-	-	1679410841.000000	1680012040.000000
1679442265.744858	FutJiz4sPyoPsYRYF5	sha1	C72E798ADDFF6134B3BAED4742B8BBC6C0240763	8A747FAF85CDEE95CD3D9CD0E24614F371351D27	A64CD0792CFBF8190A2D434E9039257F	good	-	-	1679409390.000000	1680010589.000000
1679442265.752298	FgcCnL2MSgkYNzitxc	sha1	C72E798ADDFF6134B3BAED4742B8BBC6C0240763	8A747FAF85CDEE95CD3D9CD0E24614F371351D27	A64CD0792CFBF8190A2D434E9039257F	good	-	-	1679409390.000000	1680010589.000000
1679442265.771826	Fn1JdA49vxxBp93zQ8	sha1	C72E798ADDFF6134B3BAED4742B8BBC6C0240763	8A747FAF85CDEE95CD3D9CD0E24614F371351D27	A64CD0792CFBF8190A2D434E9039257F	good	-	-	1679409390.000000	1680010589.000000
1679442265.860000	FMTdFG4nMn8zoZEt8i	sha1	C72E798ADDFF6134B3BAED4742B8BBC6C0240763	8A747FAF85CDEE95CD3D9CD0E24614F371351D27	A64CD0792CFBF8190A2D434E9039257F	good	-	-	1679409390.000000	1680010589.000000
1679442267.073264	FLvXiQ1GUXpLOMrAl3	sha1	A17551059D2110D201B9081B73338F1C3CC7BD5F	81B80E638A891218E5FA3B3B50959FE6E5901385	0559E7DC927BFB811A4BD0ED6A759DB9	good	-	-	1679416741.000000	1680018841.000000
1679442267.119235	FaGOZo2oeWcaQk24U8	sha1	666D0B709C89E4BE4BEBEC134547E4B695360F8C	C03152CD5A50C3827C7471CECBE99CF97AEB82E2	011341AA0915B665F408DC69DF68AB47	good	-	-	1679392261.000000	1679994361.000000
1679442267.810907	F4PyfNlrAQb9VA8t4	sha1	A17551059D2110D201B9081B73338F1C3CC7BD5F	81B80E638A891218E5FA3B3B50959FE6E5901385	0D0DA4BAA3A38DE705CED6ADA9680F48	good	-	-	1679374621.000000	1679976721.000000
1679442267.962954	F6voBq1FYA3xRuT5N1	sha1	A17551059D2110D201B9081B73338F1C3CC7BD5F	81B80E638A891218E5FA3B3B50959FE6E5901385	07F1D13508F0AF899891345C31A4E965	good	-	-	1679431861.000000	1680033961.000000
1679442268.278116	FQxZ8b4RyY07IDyGn8	sha1	A17551059D2110D201B9081B73338F1C3CC7BD5F	81B80E638A891218E5FA3B3B50959FE6E5901385	0480E3665281860EECC187031B6923DA	good	-	-	1679412061.000000	1680014161.000000
1679442268.387056	FpyB372Pdv92mb4oMb	sha1	A17551059D2110D201B9081B73338F1C3CC7BD5F	81B80E638A891218E5FA3B3B50959FE6E5901385	07F1D13508F0AF899891345C31A4E965	good	-	-	1679431861.000000	1680033961.000000
1679442269.292839	FTbT4O2B8GaQMK8rJg	sha1	B6080D5F6C6B76EB13E438A5F8660BA85233344E	40C2BD278ECC348330A233D7FB6CB3F0B42C80CE	9ECD60816BFFB06C	good	-	-	1679453069.000000	1679582669.000000
1679442269.434618	FcdVqQrim9cLSUNL4	sha1	082E3FF9058CFE8A7C18BD13EFDF1D1660707A6B	C8D97868A2D91968D53D72DE5F0A3EDCB58686A6	9EEDBEF07E56C30811DE9484D33FD729	good	-	-	1679275147.000000	1679879946.000000
1679442269.445835	FDLNKV17lQfe3G47k1	sha1	A17551059D2110D201B9081B73338F1C3CC7BD5F	81B80E638A891218E5FA3B3B50959FE6E5901385	039CA7825ED2A75DF2FC9913ED8E5BF3	good	-	-	1679406662.000000	1680008762.000000
1679442269.446262	FQDltG3k72M13IzHM5	sha1	33F5AAC61D66E7055D03173A4D1F3E187138850D	59A4660652A07B95923CA394072796745BF93DD0	09E0CAB6376EDD0F3A9573BA3B8ABF26	good	-	-	1679443022.000000	1680045122.000000
1679442269.446545	Fc12YZVhBx1kDbxFd	sha1	A17551059D2110D201B9081B73338F1C3CC7BD5F	81B80E638A891218E5FA3B3B50959FE6E5901385	07A0A1DBBF020589A7741F722B3E8D5D	good	-	-	1679430062.000000	1680032162.000000
1679442269.512715	FhJCR23sibTT3PUKRe	sha1	A17551059D2110D201B9081B73338F1C3CC7BD5F	81B80E638A891218E5FA3B3B50959FE6E5901385	0480E3665281860EECC187031B6923DA	good	-	-	1679412061.000000	1680014161.000000
1679442269.527702	FPFzNr2ZnV3wsWmGL1	sha1	B6080D5F6C6B76EB13E438A5F8660BA85233344E	40C2BD278ECC348330A233D7FB6CB3F0B42C80CE	6B48AC9181A9B5F8	good	-	-	1679444940.000000	1679574540.000000
1679442269.708278	F4wMms1CcGCNZpGOq9	sha1	A17551059D2110D201B9081B73338F1C3CC7BD5F	81B80E638A891218E5FA3B3B50959FE6E5901385	0480E3665281860EECC187031B6923DA	good	-	-	1679412061.000000	1680014161.000000
1679442269.863158	FCJco83QhGib2PfFQ	sha1	A17551059D2110D201B9081B73338F1C3CC7BD5F	81B80E638A891218E5FA3B3B50959FE6E5901385	0480E3665281860EECC187031B6923DA	good	-	-	1679412061.000000	1680014161.000000
1679442277.950113	FCWRE940n9rEaw27nl	sha1	A17551059D2110D201B9081B73338F1C3CC7BD5F	81B80E638A891218E5FA3B3B50959FE6E5901385	07F1D13508F0AF899891345C31A4E965	good	-	-	1679431861.000000	1680033961.000000
1679442289.097445	F32owN1OkEJIl9t8Vi	sha1	A17551059D2110D201B9081B73338F1C3CC7BD5F	81B80E638A891218E5FA3B3B50959FE6E5901385	07F1D13508F0AF899891345C31A4E965	good	-	-	1679431861.000000	1680033961.000000
1679442289.103358	F7b8TOpzdgqcWvyf6	sha1	A17551059D2110D201B9081B73338F1C3CC7BD5F	81B80E638A891218E5FA3B3B50959FE6E5901385	07F1D13508F0AF899891345C31A4E965	good	-	-	1679431861.000000	1680033961.000000
1679442292.973379	FymD5Y11KtCJ383VO3	sha1	C72E798ADDFF6134B3BAED4742B8BBC6C0240763	8A747FAF85CDEE95CD3D9CD0E24614F371351D27	0993C29C9351526912AEA923B421C171	good	-	-	1679409390.000000	1680010589.000000
1679442293.019146	FAsHYH2zVW4EP0woY8	sha1	C72E798ADDFF6134B3BAED4742B8BBC6C0240763	8A747FAF85CDEE95CD3D9CD0E24614F371351D27	5564783A36D9529112D91E78AAAD65D0	good	-	-	1679409411.000000	1680010610.000000
1679442293.019165	FA8rA44brQHo0ckRa8	sha1	C72E798ADDFF6134B3BAED4742B8BBC6C0240763	8A747FAF85CDEE95CD3D9CD0E24614F371351D27	5564783A36D9529112D91E78AAAD65D0	good	-	-	1679409411.000000	1680010610.000000
1679442293.131792	Fmw6Gg24vNrORdW8aj	sha1	C72E798ADDFF6134B3BAED4742B8BBC6C0240763	8A747FAF85CDEE95CD3D9CD0E24614F371351D27	0993C29C9351526912AEA923B421C171	good	-	-	1679409390.000000	1680010589.000000
1679442298.635954	FQ4bKJKDKFF1T1yxa	sha1	CF26F518FAC97E8F8CB342E01C2F6A109E8E5F0A	5168FF90AF0207753CCCD9656462A212B859723B	049A0657C53438002C55E04698BE2E95	good	-	-	1679412421.000000	1680014521.000000
1679442299.166557	FtF5tN3o9QTUbjmtIe	sha1	C72E798ADDFF6134B3BAED4742B8BBC6C0240763	8A747FAF85CDEE95CD3D9CD0E24614F371351D27	B7C4DE6ECDBE662A0ADBA79728BBF7F5	good	-	-	1679409413.000000	1680010612.000000
1679442299.436048	F5mSbo4N7NkF4UQyL	sha1	C72E798ADDFF6134B3BAED4742B8BBC6C0240763	8A747FAF85CDEE95CD3D9CD0E24614F371351D27	9F745ADAD950AC1F121D53C904F3D7DA	good	-	-	1679410843.000000	1680012042.000000
1679442299.485803	FE0Nic2AwhulRN4FIa	sha1	CF26F518FAC97E8F8CB342E01C2F6A109E8E5F0A	5168FF90AF0207753CCCD9656462A212B859723B	01FFEEDEA1E59DF442D07CF1ADA22444	good	-	-	1679397302.000000	1679999402.000000
1679442299.485812	FduE242V5ULsJGF6Jh	sha1	CF26F518FAC97E8F8CB342E01C2F6A109E8E5F0A	5168FF90AF0207753CCCD9656462A212B859723B	01FFEEDEA1E59DF442D07CF1ADA22444	good	-	-	1679397302.000000	1679999402.000000
1679442299.515788	FYlbdO1rRrIHLuKlj4	sha1	CF26F518FAC97E8F8CB342E01C2F6A109E8E5F0A	5168FF90AF0207753CCCD9656462A212B859723B	042E3962BD28C16B836B3B99BA3F1313	good	-	-	1679409902.000000	1680012002.000000
1679442300.463899	FczSaX2jIXPaEqu4e7	sha1	CF26F518FAC97E8F8CB342E01C2F6A109E8E5F0A	5168FF90AF0207753CCCD9656462A212B859723B	07BB2D68A67CC17C81A17154CA9B7828	good	-	-	1679430422.000000	1680032522.000000
1679442300.540397	FMgnkw2ht0v2tSG6e	sha1	CF26F518FAC97E8F8CB342E01C2F6A109E8E5F0A	5168FF90AF0207753CCCD9656462A212B859723B	0B2E382849394C5F290C657EBF2B79A4	good	-	-	1679363822.000000	1679965922.000000
1679442300.960460	FZ2ZjzqaG5lEVAf7	sha1	CF26F518FAC97E8F8CB342E01C2F6A109E8E5F0A	5168FF90AF0207753CCCD9656462A212B859723B	0B68F32B052392F874E4B634DD3AA31E	good	-	-	1679451662.000000	1680053762.000000
1679442301.615606	FO8vjj2vIv6RjhivRc	sha1	666D0B709C89E4BE4BEBEC134547E4B695360F8C	C03152CD5A50C3827C7471CECBE99CF97AEB82E2	0B91AE60611D39D71E3BC073B9FC9DCF	good	-	-	1679366341.000000	1679968441.000000
1679442301.794035	FhZupp4avPVgLAIet7	sha1	A303C0A8887BD479C4278EB5D7587D3C12C04DA4	FF2F7FE106F438F32DED258D98C2FE0EF66CFCFA	2D0032787213FA84AE5320170C000000327872	good	-	-	1679166003.000000	1679511602.000000
1679442302.109097	F3GRTP3PzCKhsEqTHa	sha1	CF26F518FAC97E8F8CB342E01C2F6A109E8E5F0A	5168FF90AF0207753CCCD9656462A212B859723B	01C13D74126113199269C7B6C2C2DB8D	good	-	-	1679396221.000000	1679998321.000000
1679442302.284236	F9v6uL3yf8ESF9DRe5	sha1	CF26F518FAC97E8F8CB342E01C2F6A109E8E5F0A	5168FF90AF0207753CCCD9656462A212B859723B	0FB48D883ED9B94AB46DAC16D298E839	good	-	-	1679390102.000000	1679992202.000000
1679442317.847381	FXcgix3YuKSnqTJCBi	sha1	933232B4DE7362628418BEEE08CF27E7F4E24D74	587B8E752AFE6180AA904001AED6E807466E3F48	1735AFF4AFE0F4CDBCC46CAF	good	-	-	1679447857.000000	1679793456.000000
1679442317.985670	Fz14gQ23aNzPCkg9G4	sha1	2828E1C94506C213EDC35EAC058B3B41C4B61D87	0D98C0737FABBDBDD9474B49AD0A4A0CAC3EC77C	4AB5238C0F9DCDBE3B6AA685	good	-	-	1679451863.000000	1679797462.000000
1679442318.091216	F6F8TuHvDrfa9Am8g	sha1	6B7064FE6A7443DC2D6D5B79ECACA7AE5C2EC33F	F8EF7FF2CD7867A8DE6F8F248D88F1870302B3EB	6CFBE8D877C43409AAAEA653	good	-	-	1679448410.000000	1679794009.000000
1679442318.281462	FxUQjOKmhWowAKCN9	sha1	2828E1C94506C213EDC35EAC058B3B41C4B61D87	0D98C0737FABBDBDD9474B49AD0A4A0CAC3EC77C	3FCC663D45B92B973F03BF90	good	-	-	1679446411.000000	1679792010.000000
1679442318.623796	Ffv7WjkEuyB4dKyWi	sha1	2828E1C94506C213EDC35EAC058B3B41C4B61D87	0D98C0737FABBDBDD9474B49AD0A4A0CAC3EC77C	4C1A9F907641C769AADA08C2	good	-	-	1679446605.000000	1679792204.000000
1679442318.656602	Fnjxdx4w4W74GgVr26	sha1	2828E1C94506C213EDC35EAC058B3B41C4B61D87	0D98C0737FABBDBDD9474B49AD0A4A0CAC3EC77C	4C1A9F907641C769AADA08C2	good	-	-	1679446605.000000	1679792204.000000
1679442318.685895	FZ1gKb1jbeSb8uIBN1	sha1	2828E1C94506C213EDC35EAC058B3B41C4B61D87	0D98C0737FABBDBDD9474B49AD0A4A0CAC3EC77C	1595087DDF774B97E1C99CB9	good	-	-	1679448673.000000	1679794272.000000
1679442318.930461	FzXnEy386SO2C3JXUa	sha1	6B7064FE6A7443DC2D6D5B79ECACA7AE5C2EC33F	F8EF7FF2CD7867A8DE6F8F248D88F1870302B3EB	054FE6C075D2DAD96C0839AD	good	-	-	1679453243.000000	1679798842.000000
1679442319.030332	FbsS3fkNKTuw3donk	sha1	933232B4DE7362628418BEEE08CF27E7F4E24D74	587B8E752AFE6180AA904001AED6E807466E3F48	1735AFF4AFE0F4CDBCC46CAF	good	-	-	1679447857.000000	1679793456.000000
1679442319.114577	F4tCne4gmoF71Yf6f7	sha1	933232B4DE7362628418BEEE08CF27E7F4E24D74	587B8E752AFE6180AA904001AED6E807466E3F48	51848FB63C7BC694228BB4E5	good	-	-	1679445614.000000	1679791213.000000
1679442319.460051	Fnp07ON7hwlrupQX1	sha1	6B7064FE6A7443DC2D6D5B79ECACA7AE5C2EC33F	F8EF7FF2CD7867A8DE6F8F248D88F1870302B3EB	4D69F8738A7CB8FC887FF705	good	-	-	1679454593.000000	1679800192.000000
1679442321.187206	FB09683FCBtc1QmPWb	sha1	48DAC9A0FB2BD32D4FF0DE68D2F567B735F9B3C4	142EB317B75856CBAE500940E61FAF9D8B14C2C6	03DF26D641881CD5B124027784FBA00142CE	good	-	-	1679256000.000000	1679860798.000000
1679442321.951030	FuVoCq3Vyb8eBRuPVl	sha1	2828E1C94506C213EDC35EAC058B3B41C4B61D87	0D98C0737FABBDBDD9474B49AD0A4A0CAC3EC77C	45946FA5A922F4EA378D6268	good	-	-	1679445591.000000	1679791190.000000
1679442321.951040	FGEX3t4leDKQ3htHI5	sha1	2828E1C94506C213EDC35EAC058B3B41C4B61D87	0D98C0737FABBDBDD9474B49AD0A4A0CAC3EC77C	45946FA5A922F4EA378D6268	good	-	-	1679445591.000000	1679791190.000000
1679442321.983671	FPEM9P1vGH3pgALngi	sha1	2828E1C94506C213EDC35EAC058B3B41C4B61D87	0D98C0737FABBDBDD9474B49AD0A4A0CAC3EC77C	45946FA5A922F4EA378D6268	good	-	-	1679445591.000000	1679791190.000000
1679442322.004921	FAywGZ3zsueAfpU915	sha1	2828E1C94506C213EDC35EAC058B3B41C4B61D87	0D98C0737FABBDBDD9474B49AD0A4A0CAC3EC77C	45946FA5A922F4EA378D6268	good	-	-	1679445591.000000	1679791190.000000
1679442322.317187	FNxKQ03WuG9OMkdeKd	sha1	6B7064FE6A7443DC2D6D5B79ECACA7AE5C2EC33F	F8EF7FF2CD7867A8DE6F8F248D88F1870302B3EB	345B8D62CF9F00A40E8605CF	good	-	-	1679454766.000000	1679800365.000000
1679442354.441356	FGKPrf3G1GKg4Jqm77	sha1	933232B4DE7362628418BEEE08CF27E7F4E24D74	587B8E752AFE6180AA904001AED6E807466E3F48	3C8896E23E10A38F2E0ED573	good	-	-	1679447566.000000	1679793165.000000
1679442361.608416	FejfgD2Ta0jfpKet33	sha1	933232B4DE7362628418BEEE08CF27E7F4E24D74	587B8E752AFE6180AA904001AED6E807466E3F48	3663BA63AAFBA8634192B939	good	-	-	1679448440.000000	1679794039.000000
1679442366.689585	FIN4OR1kpHbrnbmpjh	sha1	933232B4DE7362628418BEEE08CF27E7F4E24D74	587B8E752AFE6180AA904001AED6E807466E3F48	51848FB63C7BC694228BB4E5	good	-	-	1679445614.000000	1679791213.000000
1679442366.689586	Fh6EuI2EH5VKjUGqNg	sha1	933232B4DE7362628418BEEE08CF27E7F4E24D74	587B8E752AFE6180AA904001AED6E807466E3F48	51848FB63C7BC694228BB4E5	good	-	-	1679445614.000000	1679791213.000000
1679442366.722225	FxIOqN2DrCXtS1CXll	sha1	933232B4DE7362628418BEEE08CF27E7F4E24D74	587B8E752AFE6180AA904001AED6E807466E3F48	51848FB63C7BC694228BB4E5	good	-	-	1679445614.000000	1679791213.000000
1679442366.722247	FlQ6TO2Kiv6ZMJAzTl	sha1	933232B4DE7362628418BEEE08CF27E7F4E24D74	587B8E752AFE6180AA904001AED6E807466E3F48	51848FB63C7BC694228BB4E5	good	-	-	1679445614.000000	1679791213.000000
1679442366.724214	Fsvucc118XJExXNUIk	sha1	933232B4DE7362628418BEEE08CF27E7F4E24D74	587B8E752AFE6180AA904001AED6E807466E3F48	51848FB63C7BC694228BB4E5	good	-	-	1679445614.000000	1679791213.000000
1679442366.843793	Fsj0id3WFH77SbhHW3	sha1	933232B4DE7362628418BEEE08CF27E7F4E24D74	587B8E752AFE6180AA904001AED6E807466E3F48	3663BA63AAFBA8634192B939	good	-	-	1679448440.000000	1679794039.000000
1679442366.853617	F045vg4Lp6Kp56yVs3	sha1	933232B4DE7362628418BEEE08CF27E7F4E24D74	587B8E752AFE6180AA904001AED6E807466E3F48	3C8896E23E10A38F2E0ED573	good	-	-	1679447566.000000	1679793165.000000
1679442367.173448	F8TAld2bKWLZlaMIj7	sha1	933232B4DE7362628418BEEE08CF27E7F4E24D74	587B8E752AFE6180AA904001AED6E807466E3F48	601162BCF0D07A51984710F5	good	-	-	1679456037.000000	1679801636.000000
1679442368.261762	FJBSoEc8E53W1N3Dg	sha1	933232B4DE7362628418BEEE08CF27E7F4E24D74	587B8E752AFE6180AA904001AED6E807466E3F48	46919C5847E7E647BBC45939	good	-	-	1679450568.000000	1679796167.000000
1679442371.145190	Flm78ls6qAz6Bx70b	sha1	48DAC9A0FB2BD32D4FF0DE68D2F567B735F9B3C4	142EB317B75856CBAE500940E61FAF9D8B14C2C6	0457921E5E011DDE36C7D5687C212E54E01A	good	-	-	1679270400.000000	1679875198.000000
1679442371.805548	FEqPlO3BJCJoC87lHb	sha1	933232B4DE7362628418BEEE08CF27E7F4E24D74	587B8E752AFE6180AA904001AED6E807466E3F48	1735AFF4AFE0F4CDBCC46CAF	good	-	-	1679447857.000000	1679793456.000000
1679442371.842439	FmPGBz3jwIEk8fdnvl	sha1	C72E798ADDFF6134B3BAED4742B8BBC6C0240763	8A747FAF85CDEE95CD3D9CD0E24614F371351D27	B7C4DE6ECDBE662A0ADBA79728BBF7F5	good	-	-	1679409413.000000	1680010612.000000
1679442371.894220	FiFedV1a9CIufNlpt1	sha1	48DAC9A0FB2BD32D4FF0DE68D2F567B735F9B3C4	142EB317B75856CBAE500940E61FAF9D8B14C2C6	036B986B734E8C02654CC43915560FB6D9F7	good	-	-	1679263200.000000	1679867998.000000
1679442372.097753	Fkr8KRN7dasYPpt3l	sha1	933232B4DE7362628418BEEE08CF27E7F4E24D74	587B8E752AFE6180AA904001AED6E807466E3F48	51848FB63C7BC694228BB4E5	good	-	-	1679445614.000000	1679791213.000000
1679442372.100668	FvJFLu3n4anH5EJKfk	sha1	933232B4DE7362628418BEEE08CF27E7F4E24D74	587B8E752AFE6180AA904001AED6E807466E3F48	51848FB63C7BC694228BB4E5	good	-	-	1679445614.000000	1679791213.000000
1679442372.106186	FeIMdC4Bq0QUsX5xs4	sha1	933232B4DE7362628418BEEE08CF27E7F4E24D74	587B8E752AFE6180AA904001AED6E807466E3F48	51848FB63C7BC694228BB4E5	good	-	-	1679445614.000000	1679791213.000000
1679442372.130649	FoaAuz6einqZXkpgg	sha1	933232B4DE7362628418BEEE08CF27E7F4E24D74	587B8E752AFE6180AA904001AED6E807466E3F48	51848FB63C7BC694228BB4E5	good	-	-	1679445614.000000	1679791213.000000
1679442372.134625	FQWVszOBXOOQ0DO5j	sha1	933232B4DE7362628418BEEE08CF27E7F4E24D74	587B8E752AFE6180AA904001AED6E807466E3F48	51848FB63C7BC694228BB4E5	good	-	-	1679445614.000000	1679791213.000000
1679442372.376189	FkeWTz4WRiYKfJekJj	sha1	6B7064FE6A7443DC2D6D5B79ECACA7AE5C2EC33F	F8EF7FF2CD7867A8DE6F8F248D88F1870302B3EB	2FE12BE59F4AECDDDEF2D775	good	-	-	1679447016.000000	1679792615.000000
1679442372.507119	FhQbre197W1ZERDMw2	sha1	933232B4DE7362628418BEEE08CF27E7F4E24D74	587B8E752AFE6180AA904001AED6E807466E3F48	3C8896E23E10A38F2E0ED573	good	-	-	1679447566.000000	1679793165.000000
1679442372.510617	FQmjbT2q5j1BqWYKql	sha1	6B7064FE6A7443DC2D6D5B79ECACA7AE5C2EC33F	F8EF7FF2CD7867A8DE6F8F248D88F1870302B3EB	054FE6C075D2DAD96C0839AD	good	-	-	1679453243.000000	1679798842.000000
1679442372.612617	FQQWNF3mBsoil4V7T3	sha1	933232B4DE7362628418BEEE08CF27E7F4E24D74	587B8E752AFE6180AA904001AED6E807466E3F48	15EBA7EECEA78482970D5E0A	good	-	-	1679445852.000000	1679791451.000000
1679442375.435388	FdExob1ipqiYGpnGLk	sha1	933232B4DE7362628418BEEE08CF27E7F4E24D74	587B8E752AFE6180AA904001AED6E807466E3F48	601162BCF0D07A51984710F5	good	-	-	1679456037.000000	1679801636.000000
1679442375.452583	FO7G521pDK0VXJdBDe	sha1	C72E798ADDFF6134B3BAED4742B8BBC6C0240763	8A747FAF85CDEE95CD3D9CD0E24614F371351D27	C5153B187140B7B712A5D7240ED3775F	good	-	-	1679410843.000000	1680012042.000000
1679442376.075786	F0kRIqXxgZ0Aqrcge	sha1	933232B4DE7362628418BEEE08CF27E7F4E24D74	587B8E752AFE6180AA904001AED6E807466E3F48	107276BDEFDDB95A75F938E4	good	-	-	1679451822.000000	1679797421.000000
1679442376.075803	F2Hny61asee8QhMNpe	sha1	933232B4DE7362628418BEEE08CF27E7F4E24D74	587B8E752AFE6180AA904001AED6E807466E3F48	107276BDEFDDB95A75F938E4	good	-	-	1679451822.000000	1679797421.000000
1679442376.267068	FV8aM82kBk8y7Kbpve	sha1	933232B4DE7362628418BEEE08CF27E7F4E24D74	587B8E752AFE6180AA904001AED6E807466E3F48	46919C5847E7E647BBC45939	good	-	-	1679450568.000000	1679796167.000000
1679442376.726394	FEkHfJ7S56rhOWXhg	sha1	6B7064FE6A7443DC2D6D5B79ECACA7AE5C2EC33F	F8EF7FF2CD7867A8DE6F8F248D88F1870302B3EB	192C2FA592EAF1596DFAD8FF	good	-	-	1679445491.000000	1679791090.000000
1679442376.782339	FL6FvD1eOwIDy8l8U9	sha1	0C9E4D9C3DEDEF84D891E972C7CF8406BC197B07	96DE61F1BD1C1629531CC0CC7D3B830040E61A7C	36E95FE39659B630730FB87B	good	-	-	1679447380.000000	1679792979.000000
1679442377.021556	Fs21rN11QKkOfTKA9i	sha1	C72E798ADDFF6134B3BAED4742B8BBC6C0240763	8A747FAF85CDEE95CD3D9CD0E24614F371351D27	1E28928F53138DD70A73D36F20C58ED7	good	-	-	1679409390.000000	1680010589.000000
1679442377.098076	F4eYJB4MU55aG2QqTi	sha1	C72E798ADDFF6134B3BAED4742B8BBC6C0240763	8A747FAF85CDEE95CD3D9CD0E24614F371351D27	D4414A31481675F6128C53B3EB9A7B53	good	-	-	1679409191.000000	1680010390.000000
1679442377.133763	F9crfvdg0VAvM7hz8	sha1	C72E798ADDFF6134B3BAED4742B8BBC6C0240763	8A747FAF85CDEE95CD3D9CD0E24614F371351D27	D4414A31481675F6128C53B3EB9A7B53	good	-	-	1679409191.000000	1680010390.000000
1679442377.554725	FdubyS2vys1OuOnQI2	sha1	C72E798ADDFF6134B3BAED4742B8BBC6C0240763	8A747FAF85CDEE95CD3D9CD0E24614F371351D27	334BC8EDFDBAB06F12971CB217A06D92	good	-	-	1679409411.000000	1680010610.000000
1679442377.716054	F0ZjYS28wNRqqDh0i7	sha1	C72E798ADDFF6134B3BAED4742B8BBC6C0240763	8A747FAF85CDEE95CD3D9CD0E24614F371351D27	9F745ADAD950AC1F121D53C904F3D7DA	good	-	-	1679410843.000000	1680012042.000000
1679442378.235538	FQ1i2b3wow6jvtC0od	sha1	C72E798ADDFF6134B3BAED4742B8BBC6C0240763	8A747FAF85CDEE95CD3D9CD0E24614F371351D27	9A96AF72C535E31F12E53494801CB49E	good	-	-	1679409012.000000	1680010211.000000
1679442378.235567	FXdffkO8Se19az319	sha1	C72E798ADDFF6134B3BAED4742B8BBC6C0240763	8A747FAF85CDEE95CD3D9CD0E24614F371351D27	9A96AF72C535E31F12E53494801CB49E	good	-	-	1679409012.000000	1680010211.000000
1679442378.268169	FiPnk02JjlcJdbLSkd	sha1	C72E798ADDFF6134B3BAED4742B8BBC6C0240763	8A747FAF85CDEE95CD3D9CD0E24614F371351D27	9A96AF72C535E31F12E53494801CB49E	good	-	-	1679409012.000000	1680010211.000000
1679442378.271597	F0Sxc53ZMYb9k4G3p6	sha1	C72E798ADDFF6134B3BAED4742B8BBC6C0240763	8A747FAF85CDEE95CD3D9CD0E24614F371351D27	9A96AF72C535E31F12E53494801CB49E	good	-	-	1679409012.000000	1680010211.000000
1679442378.537084	F7mZDn1OFRqnlTMBSe	sha1	C72E798ADDFF6134B3BAED4742B8BBC6C0240763	8A747FAF85CDEE95CD3D9CD0E24614F371351D27	28B4CE5449A7CF700A6421496ED39792	good	-	-	1679410841.000000	1680012040.000000
1679442378.537102	F4S9tRaCPr4HJDif9	sha1	C72E798ADDFF6134B3BAED4742B8BBC6C0240763	8A747FAF85CDEE95CD3D9CD0E24614F371351D27	28B4CE5449A7CF700A6421496ED39792	good	-	-	1679410841.000000	1680012040.000000
1679442378.537115	FVl6WhG9ckLrMrDKl	sha1	C72E798ADDFF6134B3BAED4742B8BBC6C0240763	8A747FAF85CDEE95CD3D9CD0E24614F371351D27	28B4CE5449A7CF700A6421496ED39792	good	-	-	1679410841.000000	1680012040.000000
1679442378.537989	FLtPFk4CgMeEMBE2Ic	sha1	C72E798ADDFF6134B3BAED4742B8BBC6C0240763	8A747FAF85CDEE95CD3D9CD0E24614F371351D27	28B4CE5449A7CF700A6421496ED39792	good	-	-	1679410841.000000	1680012040.000000
1679442395.394248	FZQ88i4w2u3KoBBFOc	sha1	0C9E4D9C3DEDEF84D891E972C7CF8406BC197B07	96DE61F1BD1C1629531CC0CC7D3B830040E61A7C	1D4E74314DD28598D66EA9C3	good	-	-	1679445705.000000	1679791304.000000
1679442395.440985	FbkBTs4WbEDO8YzA3f	sha1	0C9E4D9C3DEDEF84D891E972C7CF8406BC197B07	96DE61F1BD1C1629531CC0CC7D3B830040E61A7C	1D4E74314DD28598D66EA9C3	good	-	-	1679445705.000000	1679791304.000000
1679442395.457797	FRQ7jD3vwpBQ6QIEg6	sha1	0C9E4D9C3DEDEF84D891E972C7CF8406BC197B07	96DE61F1BD1C1629531CC0CC7D3B830040E61A7C	1D4E74314DD28598D66EA9C3	good	-	-	1679445705.000000	1679791304.000000
1679442395.484518	F9a0A51M1oQs9fNIul	sha1	0C9E4D9C3DEDEF84D891E972C7CF8406BC197B07	96DE61F1BD1C1629531CC0CC7D3B830040E61A7C	1D4E74314DD28598D66EA9C3	good	-	-	1679445705.000000	1679791304.000000
1679442395.495267	FhrFBZflWkLdC4nak	sha1	0C9E4D9C3DEDEF84D891E972C7CF8406BC197B07	96DE61F1BD1C1629531CC0CC7D3B830040E61A7C	1D4E74314DD28598D66EA9C3	good	-	-	1679445705.000000	1679791304.000000
1679442407.707228	FiDtUj2S2kNfrx9Vm2	sha1	933232B4DE7362628418BEEE08CF27E7F4E24D74	587B8E752AFE6180AA904001AED6E807466E3F48	1D7C05885687DB83B4E2F5F8	good	-	-	1679447763.000000	1679793362.000000
1679442408.166291	F7Ajt02ujFk1b086e7	sha1	0C9E4D9C3DEDEF84D891E972C7CF8406BC197B07	96DE61F1BD1C1629531CC0CC7D3B830040E61A7C	1E1652623AC38F075899ACE1	good	-	-	1679453779.000000	1679799378.000000
1679442408.201426	FhrCoj2botJMxSQjK3	sha1	0C9E4D9C3DEDEF84D891E972C7CF8406BC197B07	96DE61F1BD1C1629531CC0CC7D3B830040E61A7C	1E1652623AC38F075899ACE1	good	-	-	1679453779.000000	1679799378.000000
1679442408.214492	FEWxuIIsPiMxWnbec	sha1	0C9E4D9C3DEDEF84D891E972C7CF8406BC197B07	96DE61F1BD1C1629531CC0CC7D3B830040E61A7C	1E1652623AC38F075899ACE1	good	-	-	1679453779.000000	1679799378.000000
1679442408.242176	Ftt4Gh1DmRSShY4Jsh	sha1	0C9E4D9C3DEDEF84D891E972C7CF8406BC197B07	96DE61F1BD1C1629531CC0CC7D3B830040E61A7C	1E1652623AC38F075899ACE1	good	-	-	1679453779.000000	1679799378.000000
1679442408.285828	F28HrM3kH0DK3YdiZ1	sha1	0C9E4D9C3DEDEF84D891E972C7CF8406BC197B07	96DE61F1BD1C1629531CC0CC7D3B830040E61A7C	1E1652623AC38F075899ACE1	good	-	-	1679453779.000000	1679799378.000000
1679442408.369199	FolzJ22pSyVrFBjYjg	sha1	0C9E4D9C3DEDEF84D891E972C7CF8406BC197B07	96DE61F1BD1C1629531CC0CC7D3B830040E61A7C	581C86844F88B23810771725	good	-	-	1679452615.000000	1679798214.000000
1679442409.558166	FMEX864r46p7xGWWqb	sha1	F566AB705743B529C622D2077370590733EB80AC	254581685026383D3B2D2CBECD6AD9B63DB36663	C559AF02AAFB5EEE	good	-	-	1679446943.000000	1679576543.000000
1679442409.906992	FzZAY31dzfPenqQcOk	sha1	C72E798ADDFF6134B3BAED4742B8BBC6C0240763	8A747FAF85CDEE95CD3D9CD0E24614F371351D27	1E28928F53138DD70A73D36F20C58ED7	good	-	-	1679409390.000000	1680010589.000000
1679442409.914906	FxbvBN2vjAMEUqyQNb	sha1	C72E798ADDFF6134B3BAED4742B8BBC6C0240763	8A747FAF85CDEE95CD3D9CD0E24614F371351D27	B7C4DE6ECDBE662A0ADBA79728BBF7F5	good	-	-	1679409413.000000	1680010612.000000
1679442410.004417	FFAsIC3w2EVNrqbHy5	sha1	F566AB705743B529C622D2077370590733EB80AC	254581685026383D3B2D2CBECD6AD9B63DB36663	34B733FA5BA9ED60	good	-	-	1679445300.000000	1679574900.000000
1679442410.065537	FmvdAw3pVTd0tzAP1c	sha1	F566AB705743B529C622D2077370590733EB80AC	254581685026383D3B2D2CBECD6AD9B63DB36663	34B733FA5BA9ED60	good	-	-	1679445300.000000	1679574900.000000
1679442410.083362	Fz8QN021uM91p8fVG1	sha1	F566AB705743B529C622D2077370590733EB80AC	254581685026383D3B2D2CBECD6AD9B63DB36663	34B733FA5BA9ED60	good	-	-	1679445300.000000	1679574900.000000
1679442410.114331	FBSsKO2A5D9bFkmvy8	sha1	F566AB705743B529C622D2077370590733EB80AC	254581685026383D3B2D2CBECD6AD9B63DB36663	34B733FA5BA9ED60	good	-	-	1679445300.000000	1679574900.000000
1679442410.116544	FXvPb54wUforoGnSYg	sha1	F566AB705743B529C622D2077370590733EB80AC	254581685026383D3B2D2CBECD6AD9B63DB36663	34B733FA5BA9ED60	good	-	-	1679445300.000000	1679574900.000000
1679442410.153160	Fp4GGZ1P9i0k45xXpd	sha1	C72E798ADDFF6134B3BAED4742B8BBC6C0240763	8A747FAF85CDEE95CD3D9CD0E24614F371351D27	4851571D80125BF21290F95AAF281BEE	good	-	-	1679410841.000000	1680012040.000000
1679442410.165381	FosQ47ZNsAwWK6Cx8	sha1	C72E798ADDFF6134B3BAED4742B8BBC6C0240763	8A747FAF85CDEE95CD3D9CD0E24614F371351D27	4851571D80125BF21290F95AAF281BEE	good	-	-	1679410841.000000	1680012040.000000
1679442411.514105	FOjfna45ASH7upqbxh	sha1	C72E798ADDFF6134B3BAED4742B8BBC6C0240763	8A747FAF85CDEE95CD3D9CD0E24614F371351D27	5564783A36D9529112D91E78AAAD65D0	good	-	-	1679409411.000000	1680010610.000000
1679442411.514113	FSWeaGRRcumcSo5bj	sha1	C72E798ADDFF6134B3BAED4742B8BBC6C0240763	8A747FAF85CDEE95CD3D9CD0E24614F371351D27	5564783A36D9529112D91E78AAAD65D0	good	-	-	1679409411.000000	1680010610.000000
1679442411.685004	FCcwiC4eQXTnaR2ulg	sha1	C72E798ADDFF6134B3BAED4742B8BBC6C0240763	8A747FAF85CDEE95CD3D9CD0E24614F371351D27	A64CD0792CFBF8190A2D434E9039257F	good	-	-	1679409390.000000	1680010589.000000
1679442412.598932	FXqy8N1h3gXZfMTZjh	sha1	C72E798ADDFF6134B3BAED4742B8BBC6C0240763	8A747FAF85CDEE95CD3D9CD0E24614F371351D27	9F745ADAD950AC1F121D53C904F3D7DA	good	-	-	1679410843.000000	1680012042.000000
1679442419.449742	FVstEL2JA0M4cOtoPj	sha1	48DAC9A0FB2BD32D4FF0DE68D2F567B735F9B3C4	142EB317B75856CBAE500940E61FAF9D8B14C2C6	03BD858D874425363F726911B01C4948D405	good	-	-	1679259600.000000	1679864398.000000
1679442419.575454	FBEKpC1oYfnuWBSiBf	sha1	48DAC9A0FB2BD32D4FF0DE68D2F567B735F9B3C4	142EB317B75856CBAE500940E61FAF9D8B14C2C6	043EEA10912E1C79AA4EC95CC71F2BD3ABEC	good	-	-	1679277600.000000	1679882398.000000
1679442428.649039	FpHE4X2GVY5Rm52YM	sha1	C72E798ADDFF6134B3BAED4742B8BBC6C0240763	8A747FAF85CDEE95CD3D9CD0E24614F371351D27	5564783A36D9529112D91E78AAAD65D0	good	-	-	1679409411.000000	1680010610.000000
1679442428.837432	FpZrbW3fESaCECy9S4	sha1	C72E798ADDFF6134B3BAED4742B8BBC6C0240763	8A747FAF85CDEE95CD3D9CD0E24614F371351D27	4851571D80125BF21290F95AAF281BEE	good	-	-	1679410841.000000	1680012040.000000
1679442428.837461	FEISaw1qF7xGT6YQ79	sha1	C72E798ADDFF6134B3BAED4742B8BBC6C0240763	8A747FAF85CDEE95CD3D9CD0E24614F371351D27	4851571D80125BF21290F95AAF281BEE	good	-	-	1679410841.000000	1680012040.000000
1679442429.052800	FIYD0TTc4u0hxUS3d	sha1	6B7064FE6A7443DC2D6D5B79ECACA7AE5C2EC33F	F8EF7FF2CD7867A8DE6F8F248D88F1870302B3EB	5813B577BF93344693215701	good	-	-	1679444452.000000	1679790051.000000
1679442482.446482	FTUeOr4tSv56aJh8Z1	sha1	48DAC9A0FB2BD32D4FF0DE68D2F567B735F9B3C4	142EB317B75856CBAE500940E61FAF9D8B14C2C6	04AAB20D25DF49D0F016302B62F968549FDA	good	-	-	1679263200.000000	1679867998.000000
1679442482.704481	Fu67rnS5erS8CfDg2	sha1	C72E798ADDFF6134B3BAED4742B8BBC6C0240763	8A747FAF85CDEE95CD3D9CD0E24614F371351D27	032B76D6AAC6DB830A2A09C20F18E0DC	good	-	-	1679409012.000000	1680010211.000000
1679442482.704484	F1xf4H3nTQF8YjQ4eg	sha1	C72E798ADDFF6134B3BAED4742B8BBC6C0240763	8A747FAF85CDEE95CD3D9CD0E24614F371351D27	B7C4DE6ECDBE662A0ADBA79728BBF7F5	good	-	-	1679409413.000000	1680010612.000000
1679442485.777049	FPvR7C3StIAMewc2w1	sha1	C72E798ADDFF6134B3BAED4742B8BBC6C0240763	8A747FAF85CDEE95CD3D9CD0E24614F371351D27	C5153B187140B7B712A5D7240ED3775F	good	-	-	1679410843.000000	1680012042.000000
1679442485.796856	Ftkkgv2DV2Jbq2y4Hf	sha1	84D56BF8098BD307B766D8E1EBAD6596AA6B6761	F5CDD53C0850F96A4F3AB797DA5683E669D268F7	7FF097B765D3BF21ECD0235F	good	-	-	1679448509.000000	1679794108.000000
1679442485.796907	FUEdJr1HDQkD8OmHL3	sha1	84D56BF8098BD307B766D8E1EBAD6596AA6B6761	F5CDD53C0850F96A4F3AB797DA5683E669D268F7	7FF097B765D3BF21ECD0235F	good	-	-	1679448509.000000	1679794108.000000
1679442485.862871	FWFEFQ1KjBcf5xRCPc	sha1	933232B4DE7362628418BEEE08CF27E7F4E24D74	587B8E752AFE6180AA904001AED6E807466E3F48	601162BCF0D07A51984710F5	good	-	-	1679456037.000000	1679801636.000000
1679442486.216024	FVS7rS1fsSPVxJt2k7	sha1	C72E798ADDFF6134B3BAED4742B8BBC6C0240763	8A747FAF85CDEE95CD3D9CD0E24614F371351D27	9F745ADAD950AC1F121D53C904F3D7DA	good	-	-	1679410843.000000	1680012042.000000
1679442527.235114	FfCS7a8XJvCJma6z1	sha1	C72E798ADDFF6134B3BAED4742B8BBC6C0240763	8A747FAF85CDEE95CD3D9CD0E24614F371351D27	1E28928F53138DD70A73D36F20C58ED7	good	-	-	1679409390.000000	1680010589.000000
1679442527.433840	FYYIhTPzAzGBoJMZ4	sha1	C72E798ADDFF6134B3BAED4742B8BBC6C0240763	8A747FAF85CDEE95CD3D9CD0E24614F371351D27	A64CD0792CFBF8190A2D434E9039257F	good	-	-	1679409390.000000	1680010589.000000
1679442527.446942	F7hy8m1TYM1msGmFG7	sha1	C72E798ADDFF6134B3BAED4742B8BBC6C0240763	8A747FAF85CDEE95CD3D9CD0E24614F371351D27	5564783A36D9529112D91E78AAAD65D0	good	-	-	1679409411.000000	1680010610.000000
1679442527.583664	FiDRgH1OtFwizT6W9f	sha1	C72E798ADDFF6134B3BAED4742B8BBC6C0240763	8A747FAF85CDEE95CD3D9CD0E24614F371351D27	4851571D80125BF21290F95AAF281BEE	good	-	-	1679410841.000000	1680012040.000000
1679442527.599436	FmnTNd3j0mnsV51QQ5	sha1	C72E798ADDFF6134B3BAED4742B8BBC6C0240763	8A747FAF85CDEE95CD3D9CD0E24614F371351D27	C7A69F976BBB01010A28164340BAA8F8	good	-	-	1679409191.000000	1680010390.000000
1679442527.896293	FH8nV114iJxbMvGnFg	sha1	C72E798ADDFF6134B3BAED4742B8BBC6C0240763	8A747FAF85CDEE95CD3D9CD0E24614F371351D27	9F745ADAD950AC1F121D53C904F3D7DA	good	-	-	1679410843.000000	1680012042.000000
1679442529.326152	FA9vQu2Jeqfi6y34ed	sha1	C72E798ADDFF6134B3BAED4742B8BBC6C0240763	8A747FAF85CDEE95CD3D9CD0E24614F371351D27	C5153B187140B7B712A5D7240ED3775F	good	-	-	1679410843.000000	1680012042.000000
1679442532.387076	Fwjrpz35JBYi4HLD6l	sha1	C72E798ADDFF6134B3BAED4742B8BBC6C0240763	8A747FAF85CDEE95CD3D9CD0E24614F371351D27	28B4CE5449A7CF700A6421496ED39792	good	-	-	1679410841.000000	1680012040.000000
1679442536.678392	Fh8KwRBfqMB9vm0Yg	sha1	C72E798ADDFF6134B3BAED4742B8BBC6C0240763	8A747FAF85CDEE95CD3D9CD0E24614F371351D27	0993C29C9351526912AEA923B421C171	good	-	-	1679409390.000000	1680010589.000000
1679442556.240177	FnWmwC1RLXWBKfdEPi	sha1	48DAC9A0FB2BD32D4FF0DE68D2F567B735F9B3C4	142EB317B75856CBAE500940E61FAF9D8B14C2C6	04D7ADD5E9195AA4DF17ECED62DE0D790EFB	good	-	-	1679335200.000000	1679939998.000000
1679442556.804098	FpqqYc2kdqHuKfBa72	sha1	C72E798ADDFF6134B3BAED4742B8BBC6C0240763	8A747FAF85CDEE95CD3D9CD0E24614F371351D27	5564783A36D9529112D91E78AAAD65D0	good	-	-	1679409411.000000	1680010610.000000
1679442557.270714	FTSJhY2uGFD01fjVQ6	sha1	C72E798ADDFF6134B3BAED4742B8BBC6C0240763	8A747FAF85CDEE95CD3D9CD0E24614F371351D27	4851571D80125BF21290F95AAF281BEE	good	-	-	1679410841.000000	1680012040.000000
1679442557.281961	FKyNui4tpyDSllhB58	sha1	C72E798ADDFF6134B3BAED4742B8BBC6C0240763	8A747FAF85CDEE95CD3D9CD0E24614F371351D27	4851571D80125BF21290F95AAF281BEE	good	-	-	1679410841.000000	1680012040.000000
1679442557.298680	FPcrW63RUebckzV6Y2	sha1	C72E798ADDFF6134B3BAED4742B8BBC6C0240763	8A747FAF85CDEE95CD3D9CD0E24614F371351D27	4851571D80125BF21290F95AAF281BEE	good	-	-	1679410841.000000	1680012040.000000
1679442557.309304	FOp9nz1unentmNBr6	sha1	C72E798ADDFF6134B3BAED4742B8BBC6C0240763	8A747FAF85CDEE95CD3D9CD0E24614F371351D27	4851571D80125BF21290F95AAF281BEE	good	-	-	1679410841.000000	1680012040.000000
1679442559.793820	FsdBqp3hniTd4WV607	sha1	933232B4DE7362628418BEEE08CF27E7F4E24D74	587B8E752AFE6180AA904001AED6E807466E3F48	601162BCF0D07A51984710F5	good	-	-	1679456037.000000	1679801636.000000
1679442560.239130	F1cFfP3S7kGtpFa4Ml	sha1	933232B4DE7362628418BEEE08CF27E7F4E24D74	587B8E752AFE6180AA904001AED6E807466E3F48	46919C5847E7E647BBC45939	good	-	-	1679450568.000000	1679796167.000000
1679442571.403314	FHguAG3l9ODoShfek4	sha1	48DAC9A0FB2BD32D4FF0DE68D2F567B735F9B3C4	142EB317B75856CBAE500940E61FAF9D8B14C2C6	0356E2D5548C38EE0289EA7026025392AF0A	good	-	-	1679270400.000000	1679875198.000000
1679442572.191026	FgD6qD3bbVsiJo6TC8	sha1	933232B4DE7362628418BEEE08CF27E7F4E24D74	587B8E752AFE6180AA904001AED6E807466E3F48	1735AFF4AFE0F4CDBCC46CAF	good	-	-	1679447857.000000	1679793456.000000
1679442572.222206	FnmvKK1xRFfbPnTlUa	sha1	933232B4DE7362628418BEEE08CF27E7F4E24D74	587B8E752AFE6180AA904001AED6E807466E3F48	51848FB63C7BC694228BB4E5	good	-	-	1679445614.000000	1679791213.000000
1679442572.232509	Ffido34ixilRf8gGx7	sha1	933232B4DE7362628418BEEE08CF27E7F4E24D74	587B8E752AFE6180AA904001AED6E807466E3F48	51848FB63C7BC694228BB4E5	good	-	-	1679445614.000000	1679791213.000000
1679442572.248832	FVqWRc4iDL2z8L0g8k	sha1	933232B4DE7362628418BEEE08CF27E7F4E24D74	587B8E752AFE6180AA904001AED6E807466E3F48	601162BCF0D07A51984710F5	good	-	-	1679456037.000000	1679801636.000000
1679442573.061878	FRy1pr133JkFu5bSX1	sha1	6B7064FE6A7443DC2D6D5B79ECACA7AE5C2EC33F	F8EF7FF2CD7867A8DE6F8F248D88F1870302B3EB	038F84B736E22C0D9F8EFB8C	good	-	-	1679452330.000000	1679797929.000000
1679442573.061906	FC32NO2MTES4BlUiWi	sha1	933232B4DE7362628418BEEE08CF27E7F4E24D74	587B8E752AFE6180AA904001AED6E807466E3F48	15EBA7EECEA78482970D5E0A	good	-	-	1679445852.000000	1679791451.000000
1679442573.061922	FXnwxkdS8enTma2S7	sha1	6B7064FE6A7443DC2D6D5B79ECACA7AE5C2EC33F	F8EF7FF2CD7867A8DE6F8F248D88F1870302B3EB	038F84B736E22C0D9F8EFB8C	good	-	-	1679452330.000000	1679797929.000000
1679442576.316370	Feu4KC2yXrhu0ekLZd	sha1	C72E798ADDFF6134B3BAED4742B8BBC6C0240763	8A747FAF85CDEE95CD3D9CD0E24614F371351D27	B7C4DE6ECDBE662A0ADBA79728BBF7F5	good	-	-	1679409413.000000	1680010612.000000
1679442576.323410	FAopOq15DQIKsZMuXf	sha1	84D56BF8098BD307B766D8E1EBAD6596AA6B6761	F5CDD53C0850F96A4F3AB797DA5683E669D268F7	7FF097B765D3BF21ECD0235F	good	-	-	1679448509.000000	1679794108.000000
1679442576.651655	FdpFLY1myWsGpWT4Vk	sha1	933232B4DE7362628418BEEE08CF27E7F4E24D74	587B8E752AFE6180AA904001AED6E807466E3F48	107276BDEFDDB95A75F938E4	good	-	-	1679451822.000000	1679797421.000000
1679442576.655350	F2vy3k15M8vBd6a1p3	sha1	933232B4DE7362628418BEEE08CF27E7F4E24D74	587B8E752AFE6180AA904001AED6E807466E3F48	107276BDEFDDB95A75F938E4	good	-	-	1679451822.000000	1679797421.000000
1679442576.709626	FlUVhg4krV7ufy9GVg	sha1	6B7064FE6A7443DC2D6D5B79ECACA7AE5C2EC33F	F8EF7FF2CD7867A8DE6F8F248D88F1870302B3EB	054FE6C075D2DAD96C0839AD	good	-	-	1679454971.000000	1679800570.000000
1679442576.863431	FHAkrW2Q6lN38UKa4f	sha1	0C9E4D9C3DEDEF84D891E972C7CF8406BC197B07	96DE61F1BD1C1629531CC0CC7D3B830040E61A7C	36E95FE39659B630730FB87B	good	-	-	1679447380.000000	1679792979.000000
1679442577.005477	FFs4GS3SsA26rfFOS	sha1	933232B4DE7362628418BEEE08CF27E7F4E24D74	587B8E752AFE6180AA904001AED6E807466E3F48	46919C5847E7E647BBC45939	good	-	-	1679450568.000000	1679796167.000000
1679442577.155819	FDIP8X1OWwTMWOztcg	sha1	0C9E4D9C3DEDEF84D891E972C7CF8406BC197B07	96DE61F1BD1C1629531CC0CC7D3B830040E61A7C	1D4E74314DD28598D66EA9C3	good	-	-	1679445705.000000	1679791304.000000
1679442577.188855	FqS1K63ydgskbC5z8h	sha1	0C9E4D9C3DEDEF84D891E972C7CF8406BC197B07	96DE61F1BD1C1629531CC0CC7D3B830040E61A7C	1D4E74314DD28598D66EA9C3	good	-	-	1679445705.000000	1679791304.000000
1679442577.198889	F34A0il6eSe80HuMb	sha1	0C9E4D9C3DEDEF84D891E972C7CF8406BC197B07	96DE61F1BD1C1629531CC0CC7D3B830040E61A7C	1D4E74314DD28598D66EA9C3	good	-	-	1679445705.000000	1679791304.000000
1679442577.198896	FE7zLf1zb2MYLzkbb5	sha1	0C9E4D9C3DEDEF84D891E972C7CF8406BC197B07	96DE61F1BD1C1629531CC0CC7D3B830040E61A7C	1D4E74314DD28598D66EA9C3	good	-	-	1679445705.000000	1679791304.000000
1679442577.200813	FaJXzQ1x17L5A1XTGj	sha1	0C9E4D9C3DEDEF84D891E972C7CF8406BC197B07	96DE61F1BD1C1629531CC0CC7D3B830040E61A7C	1D4E74314DD28598D66EA9C3	good	-	-	1679445705.000000	1679791304.000000
1679442577.608062	FqvJLk3pszFowHZEch	sha1	933232B4DE7362628418BEEE08CF27E7F4E24D74	587B8E752AFE6180AA904001AED6E807466E3F48	1D7C05885687DB83B4E2F5F8	good	-	-	1679447763.000000	1679793362.000000
1679442578.105307	F9yqoQ1jYEmqggwdg5	sha1	0C9E4D9C3DEDEF84D891E972C7CF8406BC197B07	96DE61F1BD1C1629531CC0CC7D3B830040E61A7C	1E1652623AC38F075899ACE1	good	-	-	1679453779.000000	1679799378.000000
1679442587.936861	Ftp6kc2qge5Ny8vWw5	sha1	6B7064FE6A7443DC2D6D5B79ECACA7AE5C2EC33F	F8EF7FF2CD7867A8DE6F8F248D88F1870302B3EB	054FE6C075D2DAD96C0839AD	good	-	-	1679454971.000000	1679800570.000000
1679442587.939510	FgZtmrNomcLbColDf	sha1	6B7064FE6A7443DC2D6D5B79ECACA7AE5C2EC33F	F8EF7FF2CD7867A8DE6F8F248D88F1870302B3EB	054FE6C075D2DAD96C0839AD	good	-	-	1679454971.000000	1679800570.000000
1679442587.945128	FwVmv62pa59DdkkSLa	sha1	6B7064FE6A7443DC2D6D5B79ECACA7AE5C2EC33F	F8EF7FF2CD7867A8DE6F8F248D88F1870302B3EB	054FE6C075D2DAD96C0839AD	good	-	-	1679454971.000000	1679800570.000000
1679442587.972099	FvlfnFUNwPuPYdsf6	sha1	6B7064FE6A7443DC2D6D5B79ECACA7AE5C2EC33F	F8EF7FF2CD7867A8DE6F8F248D88F1870302B3EB	054FE6C075D2DAD96C0839AD	good	-	-	1679454971.000000	1679800570.000000
1679442587.977090	FZXycU3B6rQwNPOQgk	sha1	6B7064FE6A7443DC2D6D5B79ECACA7AE5C2EC33F	F8EF7FF2CD7867A8DE6F8F248D88F1870302B3EB	054FE6C075D2DAD96C0839AD	good	-	-	1679454971.000000	1679800570.000000
1679442590.677114	F7yq3TfnOqYyhvRS	sha1	C72E798ADDFF6134B3BAED4742B8BBC6C0240763	8A747FAF85CDEE95CD3D9CD0E24614F371351D27	5564783A36D9529112D91E78AAAD65D0	good	-	-	1679409411.000000	1680010610.000000
1679442590.857441	FTPvrL11DFhJpcQymk	sha1	C72E798ADDFF6134B3BAED4742B8BBC6C0240763	8A747FAF85CDEE95CD3D9CD0E24614F371351D27	4851571D80125BF21290F95AAF281BEE	good	-	-	1679410841.000000	1680012040.000000
1679442593.724227	FFg8v74P8SFwedQCV7	sha1	933232B4DE7362628418BEEE08CF27E7F4E24D74	587B8E752AFE6180AA904001AED6E807466E3F48	5F2A85CC4D5382A565E5F087	good	-	-	1679452775.000000	1679798374.000000
1679442594.486877	FEadTA4BcGnfhesfd8	sha1	C72E798ADDFF6134B3BAED4742B8BBC6C0240763	8A747FAF85CDEE95CD3D9CD0E24614F371351D27	B7C4DE6ECDBE662A0ADBA79728BBF7F5	good	-	-	1679409413.000000	1680010612.000000
1679442595.190061	F6I2B71wutxbrq3vVk	sha1	C72E798ADDFF6134B3BAED4742B8BBC6C0240763	8A747FAF85CDEE95CD3D9CD0E24614F371351D27	5564783A36D9529112D91E78AAAD65D0	good	-	-	1679409411.000000	1680010610.000000
1679442595.428383	FSm3Xr2akgAIn0VEi7	sha1	C72E798ADDFF6134B3BAED4742B8BBC6C0240763	8A747FAF85CDEE95CD3D9CD0E24614F371351D27	4851571D80125BF21290F95AAF281BEE	good	-	-	1679410841.000000	1680012040.000000
1679442595.446870	FFhGAJ2odziIdRdRie	sha1	C72E798ADDFF6134B3BAED4742B8BBC6C0240763	8A747FAF85CDEE95CD3D9CD0E24614F371351D27	4851571D80125BF21290F95AAF281BEE	good	-	-	1679410841.000000	1680012040.000000
1679442595.555655	F1Kl1P1wC7iq6wCzA6	sha1	48DAC9A0FB2BD32D4FF0DE68D2F567B735F9B3C4	142EB317B75856CBAE500940E61FAF9D8B14C2C6	039916B0E3ACC7AB970E31C0EEB63E83BF39	good	-	-	1679259600.000000	1679864398.000000
1679442598.730975	F30Y1MI81yHxq4nNe	sha1	933232B4DE7362628418BEEE08CF27E7F4E24D74	587B8E752AFE6180AA904001AED6E807466E3F48	601162BCF0D07A51984710F5	good	-	-	1679456037.000000	1679801636.000000
1679442598.807772	F9zX6n2nZUfcwGSL8c	sha1	933232B4DE7362628418BEEE08CF27E7F4E24D74	587B8E752AFE6180AA904001AED6E807466E3F48	601162BCF0D07A51984710F5	good	-	-	1679456037.000000	1679801636.000000
1679442599.337840	FaLHDX1BkpAnSmSNj1	sha1	933232B4DE7362628418BEEE08CF27E7F4E24D74	587B8E752AFE6180AA904001AED6E807466E3F48	46919C5847E7E647BBC45939	good	-	-	1679450568.000000	1679796167.000000
1679442599.922543	FkUCvR1EL1T4nAU1K4	sha1	933232B4DE7362628418BEEE08CF27E7F4E24D74	587B8E752AFE6180AA904001AED6E807466E3F48	46919C5847E7E647BBC45939	good	-	-	1679450568.000000	1679796167.000000
1679442622.993983	F0SH0nd6tL5t88TI	sha1	C72E798ADDFF6134B3BAED4742B8BBC6C0240763	8A747FAF85CDEE95CD3D9CD0E24614F371351D27	5564783A36D9529112D91E78AAAD65D0	good	-	-	1679409411.000000	1680010610.000000
1679442623.191354	FLNd9C1cciOYadU5Zf	sha1	C72E798ADDFF6134B3BAED4742B8BBC6C0240763	8A747FAF85CDEE95CD3D9CD0E24614F371351D27	4851571D80125BF21290F95AAF281BEE	good	-	-	1679410841.000000	1680012040.000000
1679442623.191362	FyAsqg4Zk5uisOAKJl	sha1	C72E798ADDFF6134B3BAED4742B8BBC6C0240763	8A747FAF85CDEE95CD3D9CD0E24614F371351D27	4851571D80125BF21290F95AAF281BEE	good	-	-	1679410841.000000	1680012040.000000
1679442623.211689	FWm18d2l3enO8aZ5r1	sha1	C72E798ADDFF6134B3BAED4742B8BBC6C0240763	8A747FAF85CDEE95CD3D9CD0E24614F371351D27	4851571D80125BF21290F95AAF281BEE	good	-	-	1679410841.000000	1680012040.000000
1679442623.218550	FAFLIKMriuzMXHIDg	sha1	C72E798ADDFF6134B3BAED4742B8BBC6C0240763	8A747FAF85CDEE95CD3D9CD0E24614F371351D27	4851571D80125BF21290F95AAF281BEE	good	-	-	1679410841.000000	1680012040.000000
1679442623.218550	FVmuwD3lu84IQ7gST2	sha1	C72E798ADDFF6134B3BAED4742B8BBC6C0240763	8A747FAF85CDEE95CD3D9CD0E24614F371351D27	4851571D80125BF21290F95AAF281BEE	good	-	-	1679410841.000000	1680012040.000000
1679442627.149496	FohHv12lxI9KAAMXE4	sha1	933232B4DE7362628418BEEE08CF27E7F4E24D74	587B8E752AFE6180AA904001AED6E807466E3F48	601162BCF0D07A51984710F5	good	-	-	1679456037.000000	1679801636.000000
1679442627.616995	F385t54zGZfvO321W1	sha1	933232B4DE7362628418BEEE08CF27E7F4E24D74	587B8E752AFE6180AA904001AED6E807466E3F48	46919C5847E7E647BBC45939	good	-	-	1679450568.000000	1679796167.000000
1679442646.048577	Fsm9Kb4TrKL8EFQ3Bi	sha1	C72E798ADDFF6134B3BAED4742B8BBC6C0240763	8A747FAF85CDEE95CD3D9CD0E24614F371351D27	5564783A36D9529112D91E78AAAD65D0	good	-	-	1679409411.000000	1680010610.000000
1679442646.237702	F0UZE139tSh4Fp5T1h	sha1	C72E798ADDFF6134B3BAED4742B8BBC6C0240763	8A747FAF85CDEE95CD3D9CD0E24614F371351D27	4851571D80125BF21290F95AAF281BEE	good	-	-	1679410841.000000	1680012040.000000
1679442646.244371	FG5hjAeVhqt1c9Oe7	sha1	C72E798ADDFF6134B3BAED4742B8BBC6C0240763	8A747FAF85CDEE95CD3D9CD0E24614F371351D27	4851571D80125BF21290F95AAF281BEE	good	-	-	1679410841.000000	1680012040.000000
1679442646.250199	F38j7s4r5LyOZiyaxg	sha1	C72E798ADDFF6134B3BAED4742B8BBC6C0240763	8A747FAF85CDEE95CD3D9CD0E24614F371351D27	4851571D80125BF21290F95AAF281BEE	good	-	-	1679410841.000000	1680012040.000000
1679442646.265855	FTSbP64K8XGUEsr3z7	sha1	C72E798ADDFF6134B3BAED4742B8BBC6C0240763	8A747FAF85CDEE95CD3D9CD0E24614F371351D27	4851571D80125BF21290F95AAF281BEE	good	-	-	1679410841.000000	1680012040.000000
1679442646.275129	Fb9Xxd1QQRPs7Ksp03	sha1	C72E798ADDFF6134B3BAED4742B8BBC6C0240763	8A747FAF85CDEE95CD3D9CD0E24614F371351D27	4851571D80125BF21290F95AAF281BEE	good	-	-	1679410841.000000	1680012040.000000
1679442649.762401	FktHXl1fZVt1EUijE5	sha1	48DAC9A0FB2BD32D4FF0DE68D2F567B735F9B3C4	142EB317B75856CBAE500940E61FAF9D8B14C2C6	039916B0E3ACC7AB970E31C0EEB63E83BF39	good	-	-	1679259600.000000	1679864398.000000
1679442650.142778	FYFPSi2KsZZrytD12l	sha1	C72E798ADDFF6134B3BAED4742B8BBC6C0240763	8A747FAF85CDEE95CD3D9CD0E24614F371351D27	B7C4DE6ECDBE662A0ADBA79728BBF7F5	good	-	-	1679409413.000000	1680010612.000000
1679442661.464679	FZjYVd1RO0qpg94Xyg	sha1	933232B4DE7362628418BEEE08CF27E7F4E24D74	587B8E752AFE6180AA904001AED6E807466E3F48	601162BCF0D07A51984710F5	good	-	-	1679456037.000000	1679801636.000000
1679442662.295922	FYulVL3RKht8vsWdMf	sha1	933232B4DE7362628418BEEE08CF27E7F4E24D74	587B8E752AFE6180AA904001AED6E807466E3F48	46919C5847E7E647BBC45939	good	-	-	1679450568.000000	1679796167.000000
1679442679.625083	Fnj0ef4jEeUAE607ha	sha1	933232B4DE7362628418BEEE08CF27E7F4E24D74	587B8E752AFE6180AA904001AED6E807466E3F48	601162BCF0D07A51984710F5	good	-	-	1679456037.000000	1679801636.000000
1679442680.026148	FSYtuG2XHF3FU7axrl	sha1	933232B4DE7362628418BEEE08CF27E7F4E24D74	587B8E752AFE6180AA904001AED6E807466E3F48	46919C5847E7E647BBC45939	good	-	-	1679450568.000000	1679796167.000000
1679442689.092808	Fki1aVpukIV5RdfOh	sha1	C72E798ADDFF6134B3BAED4742B8BBC6C0240763	8A747FAF85CDEE95CD3D9CD0E24614F371351D27	B7C4DE6ECDBE662A0ADBA79728BBF7F5	good	-	-	1679409413.000000	1680010612.000000
1679442717.005092	FWoAaY3s21ejXYLVD7	sha1	C72E798ADDFF6134B3BAED4742B8BBC6C0240763	8A747FAF85CDEE95CD3D9CD0E24614F371351D27	5564783A36D9529112D91E78AAAD65D0	good	-	-	1679409411.000000	1680010610.000000
1679442717.524108	FbOjIr2S7u1bC8Vhol	sha1	C72E798ADDFF6134B3BAED4742B8BBC6C0240763	8A747FAF85CDEE95CD3D9CD0E24614F371351D27	4851571D80125BF21290F95AAF281BEE	good	-	-	1679410841.000000	1680012040.000000
1679442717.553456	FxRvcw3KJONdTu2yRj	sha1	C72E798ADDFF6134B3BAED4742B8BBC6C0240763	8A747FAF85CDEE95CD3D9CD0E24614F371351D27	4851571D80125BF21290F95AAF281BEE	good	-	-	1679410841.000000	1680012040.000000
1679442717.555173	FGIs6i1MxlfYlbAR77	sha1	C72E798ADDFF6134B3BAED4742B8BBC6C0240763	8A747FAF85CDEE95CD3D9CD0E24614F371351D27	4851571D80125BF21290F95AAF281BEE	good	-	-	1679410841.000000	1680012040.000000
1679442717.582201	FmmuEl4zlIxqHIgBwf	sha1	C72E798ADDFF6134B3BAED4742B8BBC6C0240763	8A747FAF85CDEE95CD3D9CD0E24614F371351D27	4851571D80125BF21290F95AAF281BEE	good	-	-	1679410841.000000	1680012040.000000
1679442717.599115	FIy2mv41tUeQtFbm5g	sha1	C72E798ADDFF6134B3BAED4742B8BBC6C0240763	8A747FAF85CDEE95CD3D9CD0E24614F371351D27	4851571D80125BF21290F95AAF281BEE	good	-	-	1679410841.000000	1680012040.000000
1679442733.897224	Fz9SBt2zbfqMV3ws1h	sha1	72CAE0CE4AA6FC06DA6B599480BC14FD905A1877	F9FB50C48B67BB6764FE8321A6A9CE3F55849399	BA77E0BB25803380DFF50E31B7FB7463	good	-	-	1679242930.000000	1679847729.000000
1679442734.215679	FWOi7lB2pgfkJr3de	sha1	48DAC9A0FB2BD32D4FF0DE68D2F567B735F9B3C4	142EB317B75856CBAE500940E61FAF9D8B14C2C6	04C3FEFD4D07768F4A705E18A384F9ACB85D	good	-	-	1679374800.000000	1679979598.000000
1679442734.315237	F2Bzck22YQQW6nMlLf	sha1	48DAC9A0FB2BD32D4FF0DE68D2F567B735F9B3C4	142EB317B75856CBAE500940E61FAF9D8B14C2C6	043F8B6F888AA7F60A6E8CF4A4E4CC873FAA	good	-	-	1679317200.000000	1679921998.000000
1679442734.352721	FlNAg81uZc5UkQXjBb	sha1	2828E1C94506C213EDC35EAC058B3B41C4B61D87	0D98C0737FABBDBDD9474B49AD0A4A0CAC3EC77C	5A7DACCA7AF55AB1E10961B8	good	-	-	1679454755.000000	1679800354.000000
1679442734.352805	F0u6YE24qmQJVFZMq3	sha1	48DAC9A0FB2BD32D4FF0DE68D2F567B735F9B3C4	142EB317B75856CBAE500940E61FAF9D8B14C2C6	03195FEA72400DD8107CEECAE3CEB4F818D9	good	-	-	1679310000.000000	1679914798.000000
1679442738.143976	FhMoKa32kmXsN2Qzfa	sha1	2828E1C94506C213EDC35EAC058B3B41C4B61D87	0D98C0737FABBDBDD9474B49AD0A4A0CAC3EC77C	191A58996B75D79174D80317	good	-	-	1679447663.000000	1679793262.000000
1679442738.471855	FvG0tiJhwXuzUVU9h	sha1	933232B4DE7362628418BEEE08CF27E7F4E24D74	587B8E752AFE6180AA904001AED6E807466E3F48	1D7C05885687DB83B4E2F5F8	good	-	-	1679447763.000000	1679793362.000000
1679442738.498877	FJy2aFPtFiC6xMHfc	sha1	933232B4DE7362628418BEEE08CF27E7F4E24D74	587B8E752AFE6180AA904001AED6E807466E3F48	601162BCF0D07A51984710F5	good	-	-	1679456037.000000	1679801636.000000
1679442738.518157	FBoWn73GBg4cNEo3F	sha1	84D56BF8098BD307B766D8E1EBAD6596AA6B6761	F5CDD53C0850F96A4F3AB797DA5683E669D268F7	7FF097B765D3BF21ECD0235F	good	-	-	1679448509.000000	1679794108.000000
1679442738.936577	FOhFZGopSekIHc2Qh	sha1	933232B4DE7362628418BEEE08CF27E7F4E24D74	587B8E752AFE6180AA904001AED6E807466E3F48	46919C5847E7E647BBC45939	good	-	-	1679450568.000000	1679796167.000000
1679442751.009570	FMFUnK3LSUkwuxCRIf	sha1	933232B4DE7362628418BEEE08CF27E7F4E24D74	587B8E752AFE6180AA904001AED6E807466E3F48	601162BCF0D07A51984710F5	good	-	-	1679456037.000000	1679801636.000000
1679442751.786567	FwKqph4QY5Vhyks8li	sha1	933232B4DE7362628418BEEE08CF27E7F4E24D74	587B8E752AFE6180AA904001AED6E807466E3F48	46919C5847E7E647BBC45939	good	-	-	1679450568.000000	1679796167.000000
1679442763.261770	FVA457a22axQp3rAd	sha1	933232B4DE7362628418BEEE08CF27E7F4E24D74	587B8E752AFE6180AA904001AED6E807466E3F48	1735AFF4AFE0F4CDBCC46CAF	good	-	-	1679455549.000000	1679801148.000000
1679442763.267346	FyZnZ23bjcnIxjAKe	sha1	933232B4DE7362628418BEEE08CF27E7F4E24D74	587B8E752AFE6180AA904001AED6E807466E3F48	1735AFF4AFE0F4CDBCC46CAF	good	-	-	1679455549.000000	1679801148.000000
1679442763.299794	FF2OCJ12Atfr2YXA23	sha1	48DAC9A0FB2BD32D4FF0DE68D2F567B735F9B3C4	142EB317B75856CBAE500940E61FAF9D8B14C2C6	030C3C161B4AB3CEB25649311CB499B64D1F	good	-	-	1679364000.000000	1679968798.000000
1679442763.357260	FPPYcy1xU2UFzyja97	sha1	430BD20E4F137A1A6C918F24E5DA7E324D4733C8	8D8C5EC454AD8AE177E99BF99B05E1B8018D61E1	D3C6B62E06C322531480FED200620661	good	-	-	1679328459.000000	1679933258.000000
1679442763.359688	F69DkOGMqMSzYKaK9	sha1	430BD20E4F137A1A6C918F24E5DA7E324D4733C8	8D8C5EC454AD8AE177E99BF99B05E1B8018D61E1	D3C6B62E06C322531480FED200620661	good	-	-	1679328459.000000	1679933258.000000
1679442763.369817	FonrqRBAVVmCOERMh	sha1	430BD20E4F137A1A6C918F24E5DA7E324D4733C8	8D8C5EC454AD8AE177E99BF99B05E1B8018D61E1	D3C6B62E06C322531480FED200620661	good	-	-	1679328459.000000	1679933258.000000
1679442763.531678	FqV3ud4Jfp3CMUlTpe	sha1	933232B4DE7362628418BEEE08CF27E7F4E24D74	587B8E752AFE6180AA904001AED6E807466E3F48	51848FB63C7BC694228BB4E5	good	-	-	1679447759.000000	1679793358.000000
1679442763.531706	FWnRX3XoMopCtzCh3	sha1	933232B4DE7362628418BEEE08CF27E7F4E24D74	587B8E752AFE6180AA904001AED6E807466E3F48	51848FB63C7BC694228BB4E5	good	-	-	1679447759.000000	1679793358.000000
1679442763.594421	FjVRoC11VIIdyHSdU8	sha1	8F7702DC0E21D05E555FA7C877EE1AE931EAD382	4FCBACA8C2EFABDD836F6BBFCE983D5C58257615	30ACDE209F54A6BC0BD845E2	good	-	-	1679454645.000000	1679800244.000000
1679442763.625378	Fm8JXQ2EtTYuhINDCj	sha1	48DAC9A0FB2BD32D4FF0DE68D2F567B735F9B3C4	142EB317B75856CBAE500940E61FAF9D8B14C2C6	030CDF566CA1BC3C88DB68B530BA7A3801DE	good	-	-	1679263200.000000	1679867998.000000
1679442763.704479	FSe7q7awOpTxKO8c6	sha1	48DAC9A0FB2BD32D4FF0DE68D2F567B735F9B3C4	142EB317B75856CBAE500940E61FAF9D8B14C2C6	030CDF566CA1BC3C88DB68B530BA7A3801DE	good	-	-	1679263200.000000	1679867998.000000
1679442763.717578	FdrFwn3akMzszbkck1	sha1	48DAC9A0FB2BD32D4FF0DE68D2F567B735F9B3C4	142EB317B75856CBAE500940E61FAF9D8B14C2C6	039198DE719B29B4CC90EAFED297DC779BF8	good	-	-	1679310000.000000	1679914798.000000
1679442763.902200	FSnMJqVkdme2lRGfl	sha1	48DAC9A0FB2BD32D4FF0DE68D2F567B735F9B3C4	142EB317B75856CBAE500940E61FAF9D8B14C2C6	04A6F37AD337B39AFBFAE6A142488E9E0C32	good	-	-	1679259600.000000	1679864398.000000
1679442764.250797	F5tKoNwdYFIzB6HZa	sha1	430BD20E4F137A1A6C918F24E5DA7E324D4733C8	8D8C5EC454AD8AE177E99BF99B05E1B8018D61E1	14B6BF0387DCD9C12F168E91545E7F0D	good	-	-	1679427665.000000	1680032464.000000
1679442764.284155	Fh8ScGbyRSumLcbNa	sha1	48DAC9A0FB2BD32D4FF0DE68D2F567B735F9B3C4	142EB317B75856CBAE500940E61FAF9D8B14C2C6	038E3F2847DED53715C7DBFC36067EE9FF6E	good	-	-	1679310000.000000	1679914798.000000
1679442764.298393	FzkujE2vQU15igcbyh	sha1	48DAC9A0FB2BD32D4FF0DE68D2F567B735F9B3C4	142EB317B75856CBAE500940E61FAF9D8B14C2C6	038E3F2847DED53715C7DBFC36067EE9FF6E	good	-	-	1679310000.000000	1679914798.000000
1679442764.300510	Fsx7Df25cgUfIHGvub	sha1	48DAC9A0FB2BD32D4FF0DE68D2F567B735F9B3C4	142EB317B75856CBAE500940E61FAF9D8B14C2C6	038E3F2847DED53715C7DBFC36067EE9FF6E	good	-	-	1679310000.000000	1679914798.000000
1679442764.484392	FW1N1h2xzaMrkt7ISd	sha1	48DAC9A0FB2BD32D4FF0DE68D2F567B735F9B3C4	142EB317B75856CBAE500940E61FAF9D8B14C2C6	046031C806A37508A3D62B06FCEBC135322B	good	-	-	1679320800.000000	1679925598.000000
1679442764.732012	FtsXgo3SwrpxPnu0w	sha1	84D56BF8098BD307B766D8E1EBAD6596AA6B6761	F5CDD53C0850F96A4F3AB797DA5683E669D268F7	364D1B9931B799C11447F9BB	good	-	-	1679449094.000000	1679794693.000000
1679442764.831841	FdXs9O3f3IfDR1BkV	sha1	A17551059D2110D201B9081B73338F1C3CC7BD5F	81B80E638A891218E5FA3B3B50959FE6E5901385	0D1D4B42D41A12D709F931759AC1A5CC	good	-	-	1679374982.000000	1679977082.000000
1679442765.205110	FjZLom2dmwnGrm5mle	sha1	8F7702DC0E21D05E555FA7C877EE1AE931EAD382	4FCBACA8C2EFABDD836F6BBFCE983D5C58257615	7352D40B858CAE7D992F95B8	good	-	-	1679447066.000000	1679792665.000000
1679442765.543088	FwXUD7bhsZ0IsP0L	sha1	8F7702DC0E21D05E555FA7C877EE1AE931EAD382	4FCBACA8C2EFABDD836F6BBFCE983D5C58257615	34CF7FBFC506E6A53BA9E815	good	-	-	1679449041.000000	1679794640.000000
1679442765.609361	FmrUK22r3kOBfKBVrf	sha1	84D56BF8098BD307B766D8E1EBAD6596AA6B6761	F5CDD53C0850F96A4F3AB797DA5683E669D268F7	3D202AD77DD2C09059407C98	good	-	-	1679452308.000000	1679797907.000000
1679442765.626232	FrzS0r4RHdkBmIkvDg	sha1	CF94DC5C304AA79485721F956E67895AC21657DD	F6850A3B1186E1047D0EAA0B2CD2EECC647B7BAE	AFC0A8FDE886E5E89BEB23E189A0D987	good	-	-	1679188182.000000	1679792981.000000
1679442765.633295	FScQ9w3Gfmkp1ZeKFf	sha1	48DAC9A0FB2BD32D4FF0DE68D2F567B735F9B3C4	142EB317B75856CBAE500940E61FAF9D8B14C2C6	04C1B9F253113DB677676FAA6F4EFF215C5F	good	-	-	1679410800.000000	1680015598.000000
1679442765.655237	FGKku13EJHTBVBIKa	sha1	48DAC9A0FB2BD32D4FF0DE68D2F567B735F9B3C4	142EB317B75856CBAE500940E61FAF9D8B14C2C6	0484A09572B409EB4EC231FAA1B35BA0CE8D	good	-	-	1679266800.000000	1679871598.000000
1679442765.693313	FYcVro1tEYE6y5NFUb	sha1	48DAC9A0FB2BD32D4FF0DE68D2F567B735F9B3C4	142EB317B75856CBAE500940E61FAF9D8B14C2C6	0484A09572B409EB4EC231FAA1B35BA0CE8D	good	-	-	1679266800.000000	1679871598.000000
1679442765.701566	FICGIc47aAxaqAC4Ra	sha1	48DAC9A0FB2BD32D4FF0DE68D2F567B735F9B3C4	142EB317B75856CBAE500940E61FAF9D8B14C2C6	041E757E5E023C8370910497F0B9E52FFCA5	good	-	-	1679310000.000000	1679914798.000000
1679442765.706717	FsRlmkYqHVt7NXoG6	sha1	48DAC9A0FB2BD32D4FF0DE68D2F567B735F9B3C4	142EB317B75856CBAE500940E61FAF9D8B14C2C6	035D3F50848C19B72D132E2AB8F384754024	good	-	-	1679400000.000000	1680004798.000000
1679442765.715510	FasadM2d0sYIn515Nl	sha1	84D56BF8098BD307B766D8E1EBAD6596AA6B6761	F5CDD53C0850F96A4F3AB797DA5683E669D268F7	275E529823B8DAC967531080	good	-	-	1679448000.000000	1679793599.000000
1679442765.719052	FahCnu1B124uNRBm0e	sha1	48DAC9A0FB2BD32D4FF0DE68D2F567B735F9B3C4	142EB317B75856CBAE500940E61FAF9D8B14C2C6	03A52C3FF942E5C63C1D901754904DC89123	good	-	-	1679263200.000000	1679867998.000000
1679442765.763542	F4vi5y2XB8WqpO5TG8	sha1	84D56BF8098BD307B766D8E1EBAD6596AA6B6761	F5CDD53C0850F96A4F3AB797DA5683E669D268F7	275E529823B8DAC967531080	good	-	-	1679448000.000000	1679793599.000000
1679442765.800252	F166TX3fB5J1Sdlykd	sha1	48DAC9A0FB2BD32D4FF0DE68D2F567B735F9B3C4	142EB317B75856CBAE500940E61FAF9D8B14C2C6	034E00FF631A87A5047EC1CC8A6873C846C0	good	-	-	1679371200.000000	1679975998.000000
1679442765.805017	FQ8zPCZ9PKDbymijg	sha1	2828E1C94506C213EDC35EAC058B3B41C4B61D87	0D98C0737FABBDBDD9474B49AD0A4A0CAC3EC77C	15CBE0D6C4CEC4867948F64B	good	-	-	1679449460.000000	1679795059.000000
1679442765.814030	FMqkRm3JLoA29Ik5I2	sha1	8F7702DC0E21D05E555FA7C877EE1AE931EAD382	4FCBACA8C2EFABDD836F6BBFCE983D5C58257615	176EB58243369C88DA8B5EA9	good	-	-	1679453357.000000	1679798956.000000
1679442765.829206	FWK9zE2srI2gxnyWX4	sha1	48DAC9A0FB2BD32D4FF0DE68D2F567B735F9B3C4	142EB317B75856CBAE500940E61FAF9D8B14C2C6	040D3872C780B8345A98175621C1A91EAF23	good	-	-	1679259600.000000	1679864398.000000
1679442765.866006	FrA6eG1zVnhluHnTMb	sha1	48DAC9A0FB2BD32D4FF0DE68D2F567B735F9B3C4	142EB317B75856CBAE500940E61FAF9D8B14C2C6	043CC5A3AE269121D52B44674AD85F7D95AA	good	-	-	1679263200.000000	1679867998.000000
1679442765.935128	FNUpxJg2te2O0ASY8	sha1	48DAC9A0FB2BD32D4FF0DE68D2F567B735F9B3C4	142EB317B75856CBAE500940E61FAF9D8B14C2C6	032B52FC8756021DA584302C78D9F767CF2F	good	-	-	1679310000.000000	1679914798.000000
1679442765.935143	F2fini2uyoHkznONy8	sha1	84D56BF8098BD307B766D8E1EBAD6596AA6B6761	F5CDD53C0850F96A4F3AB797DA5683E669D268F7	22DABC9B078E808CA27811BB	good	-	-	1679449308.000000	1679794907.000000
1679442765.978975	FEeisz2N7n3hKlBBQ7	sha1	2828E1C94506C213EDC35EAC058B3B41C4B61D87	0D98C0737FABBDBDD9474B49AD0A4A0CAC3EC77C	132D99B86D3CA77ADD54B24E	good	-	-	1679456306.000000	1679801905.000000
1679442766.095616	FVlO23Bn86uGt0dPd	sha1	48DAC9A0FB2BD32D4FF0DE68D2F567B735F9B3C4	142EB317B75856CBAE500940E61FAF9D8B14C2C6	03C32C56BE49ADA42B483CF7A9EF6BC9543F	good	-	-	1679259600.000000	1679864398.000000
1679442766.098386	FSzdlV2UbIXVekFpsh	sha1	48DAC9A0FB2BD32D4FF0DE68D2F567B735F9B3C4	142EB317B75856CBAE500940E61FAF9D8B14C2C6	03277E73BB037BB085A8ABF22E19A3B18564	good	-	-	1679360400.000000	1679965198.000000
1679442766.188594	Fdi7IQ1r6O8R1nisr7	sha1	48DAC9A0FB2BD32D4FF0DE68D2F567B735F9B3C4	142EB317B75856CBAE500940E61FAF9D8B14C2C6	040A0B04C068C6F1739FDC518D271188E776	good	-	-	1679259600.000000	1679864398.000000
1679442766.299344	Fm9hzy4Mpjxfyedq1	sha1	6B7064FE6A7443DC2D6D5B79ECACA7AE5C2EC33F	F8EF7FF2CD7867A8DE6F8F248D88F1870302B3EB	74F1343679461D157892B8DF	good	-	-	1679450074.000000	1679795673.000000
1679442766.374548	FMlQVn29ejhxfT2g8h	sha1	48DAC9A0FB2BD32D4FF0DE68D2F567B735F9B3C4	142EB317B75856CBAE500940E61FAF9D8B14C2C6	04C875DFD2E747F9A666BCBA88FA876C788B	good	-	-	1679324400.000000	1679929198.000000
1679442766.391075	FY4ShH217IrTFszbDg	sha1	2828E1C94506C213EDC35EAC058B3B41C4B61D87	0D98C0737FABBDBDD9474B49AD0A4A0CAC3EC77C	45EBEB34F788C8F18AC0D044	good	-	-	1679449661.000000	1679795260.000000
1679442766.395110	F4IvbV3iP59lgYJkf9	sha1	933232B4DE7362628418BEEE08CF27E7F4E24D74	587B8E752AFE6180AA904001AED6E807466E3F48	1D7C05885687DB83B4E2F5F8	good	-	-	1679447763.000000	1679793362.000000
1679442766.414911	FINZNp4ToIhjoFqwY7	sha1	C72E798ADDFF6134B3BAED4742B8BBC6C0240763	8A747FAF85CDEE95CD3D9CD0E24614F371351D27	B7C4DE6ECDBE662A0ADBA79728BBF7F5	good	-	-	1679409413.000000	1680010612.000000
1679442766.425276	FdeakE2BoT1FGjVnPj	sha1	6B7064FE6A7443DC2D6D5B79ECACA7AE5C2EC33F	F8EF7FF2CD7867A8DE6F8F248D88F1870302B3EB	7504885352C31BDF28089883	good	-	-	1679456295.000000	1679801894.000000
1679442766.523284	FSkn5rE1FLzuqysea	sha1	430BD20E4F137A1A6C918F24E5DA7E324D4733C8	8D8C5EC454AD8AE177E99BF99B05E1B8018D61E1	19F5BD51AE103EE480A171A673FB352F	good	-	-	1679162606.000000	1679767405.000000
1679442766.674823	FOWxkc47WjkaA7bGld	sha1	84D56BF8098BD307B766D8E1EBAD6596AA6B6761	F5CDD53C0850F96A4F3AB797DA5683E669D268F7	7FF097B765D3BF21ECD0235F	good	-	-	1679448509.000000	1679794108.000000
1679442766.703850	F6S9Uq3nBjryfyHajk	sha1	933232B4DE7362628418BEEE08CF27E7F4E24D74	587B8E752AFE6180AA904001AED6E807466E3F48	601162BCF0D07A51984710F5	good	-	-	1679456037.000000	1679801636.000000
1679442767.087927	FB8Raq2ITWrAcND2jj	sha1	430BD20E4F137A1A6C918F24E5DA7E324D4733C8	8D8C5EC454AD8AE177E99BF99B05E1B8018D61E1	4776652FB5B523900A0858474F13388E	good	-	-	1679421410.000000	1680026209.000000
1679442767.171062	Fdo8se2kOu1D8R7ZG8	sha1	6B7064FE6A7443DC2D6D5B79ECACA7AE5C2EC33F	F8EF7FF2CD7867A8DE6F8F248D88F1870302B3EB	3643C77B4C4F8E15BCC1A605	good	-	-	1679448528.000000	1679794127.000000
1679442767.519607	F7XEf4WpUUamK5f16	sha1	933232B4DE7362628418BEEE08CF27E7F4E24D74	587B8E752AFE6180AA904001AED6E807466E3F48	46919C5847E7E647BBC45939	good	-	-	1679450568.000000	1679796167.000000
1679442767.651385	F85fZX5Rk630PB0C4	sha1	98F90032A9C065EB3C4FA8510E4C8DB8A7101603	A5B4D6EB36C4E76BA6DFC4640B012A2004B86623	0D801BB8302C8E1AED2C93192EE96326	good	-	-	1679377502.000000	1679979602.000000
1679442767.692242	Fa1O2w15ogAEXkBxx1	sha1	6B7064FE6A7443DC2D6D5B79ECACA7AE5C2EC33F	F8EF7FF2CD7867A8DE6F8F248D88F1870302B3EB	038F84B736E22C0D9F8EFB8C	good	-	-	1679452330.000000	1679797929.000000
1679442768.178699	Fsi0Vq3osoa0OvXb0i	sha1	C72E798ADDFF6134B3BAED4742B8BBC6C0240763	8A747FAF85CDEE95CD3D9CD0E24614F371351D27	1E28928F53138DD70A73D36F20C58ED7	good	-	-	1679409390.000000	1680010589.000000
1679442768.588260	FTaOXA2yaduyjAA4vc	sha1	C72E798ADDFF6134B3BAED4742B8BBC6C0240763	8A747FAF85CDEE95CD3D9CD0E24614F371351D27	4851571D80125BF21290F95AAF281BEE	good	-	-	1679410841.000000	1680012040.000000
1679442768.600119	Fqd0vr2pkCTvSSEEj	sha1	C72E798ADDFF6134B3BAED4742B8BBC6C0240763	8A747FAF85CDEE95CD3D9CD0E24614F371351D27	4851571D80125BF21290F95AAF281BEE	good	-	-	1679410841.000000	1680012040.000000
1679442769.029936	FLQm8o3qYDpTI1krB	sha1	6B7064FE6A7443DC2D6D5B79ECACA7AE5C2EC33F	F8EF7FF2CD7867A8DE6F8F248D88F1870302B3EB	054FE6C075D2DAD96C0839AD	good	-	-	1679454971.000000	1679800570.000000
1679442769.036691	FIyuAd2hFHRs7AIkD5	sha1	6B7064FE6A7443DC2D6D5B79ECACA7AE5C2EC33F	F8EF7FF2CD7867A8DE6F8F248D88F1870302B3EB	054FE6C075D2DAD96C0839AD	good	-	-	1679454971.000000	1679800570.000000
1679442769.036830	Fjsbfj1LHneqS61sM4	sha1	6B7064FE6A7443DC2D6D5B79ECACA7AE5C2EC33F	F8EF7FF2CD7867A8DE6F8F248D88F1870302B3EB	054FE6C075D2DAD96C0839AD	good	-	-	1679454971.000000	1679800570.000000
1679442769.072102	F3FjV5GdARUyMgS34	sha1	6B7064FE6A7443DC2D6D5B79ECACA7AE5C2EC33F	F8EF7FF2CD7867A8DE6F8F248D88F1870302B3EB	054FE6C075D2DAD96C0839AD	good	-	-	1679454971.000000	1679800570.000000
1679442769.103480	F5olax4belWLtwmjI9	sha1	6B7064FE6A7443DC2D6D5B79ECACA7AE5C2EC33F	F8EF7FF2CD7867A8DE6F8F248D88F1870302B3EB	49AABB7D4876CC925B159B6E	good	-	-	1679445624.000000	1679791223.000000
1679442769.597979	FOqN9n4ldC1Pi0oGJc	sha1	C72E798ADDFF6134B3BAED4742B8BBC6C0240763	8A747FAF85CDEE95CD3D9CD0E24614F371351D27	C5153B187140B7B712A5D7240ED3775F	good	-	-	1679410843.000000	1680012042.000000
1679442769.741406	FlE5pf1JTSu55ZYQw5	sha1	C72E798ADDFF6134B3BAED4742B8BBC6C0240763	8A747FAF85CDEE95CD3D9CD0E24614F371351D27	5564783A36D9529112D91E78AAAD65D0	good	-	-	1679409411.000000	1680010610.000000
1679442769.747546	FXcrEu4VlqqCgLUhej	sha1	C72E798ADDFF6134B3BAED4742B8BBC6C0240763	8A747FAF85CDEE95CD3D9CD0E24614F371351D27	5564783A36D9529112D91E78AAAD65D0	good	-	-	1679409411.000000	1680010610.000000
1679442769.748840	FEo8Zc4vpqtEzICS8	sha1	C72E798ADDFF6134B3BAED4742B8BBC6C0240763	8A747FAF85CDEE95CD3D9CD0E24614F371351D27	9F745ADAD950AC1F121D53C904F3D7DA	good	-	-	1679410843.000000	1680012042.000000
1679442769.771096	FDMd39iAyUuPVh04	sha1	C72E798ADDFF6134B3BAED4742B8BBC6C0240763	8A747FAF85CDEE95CD3D9CD0E24614F371351D27	A64CD0792CFBF8190A2D434E9039257F	good	-	-	1679409390.000000	1680010589.000000
1679442770.395546	Fhxwp14CCSwMHHdSmj	sha1	C72E798ADDFF6134B3BAED4742B8BBC6C0240763	8A747FAF85CDEE95CD3D9CD0E24614F371351D27	0993C29C9351526912AEA923B421C171	good	-	-	1679409390.000000	1680010589.000000
1679442771.947995	FnaNSw1miL1zHIEaJb	sha1	8F7702DC0E21D05E555FA7C877EE1AE931EAD382	4FCBACA8C2EFABDD836F6BBFCE983D5C58257615	24739D619091606ED71D6021	good	-	-	1679447897.000000	1679793496.000000
1679442772.289486	F0cQ2ePvjUobEW9w5	sha1	84D56BF8098BD307B766D8E1EBAD6596AA6B6761	F5CDD53C0850F96A4F3AB797DA5683E669D268F7	0C854705F759DD05D013E522	good	-	-	1679455303.000000	1679800902.000000
1679442772.325222	FL2hWp37r88H90Na39	sha1	84D56BF8098BD307B766D8E1EBAD6596AA6B6761	F5CDD53C0850F96A4F3AB797DA5683E669D268F7	45AF17B0DBF738DD266B9384	good	-	-	1679451047.000000	1679796646.000000
1679442772.334377	FugRGz5Uhxl3kK3Al	sha1	84D56BF8098BD307B766D8E1EBAD6596AA6B6761	F5CDD53C0850F96A4F3AB797DA5683E669D268F7	0C854705F759DD05D013E522	good	-	-	1679455303.000000	1679800902.000000
1679442772.338464	FRwXkk3T9CSVxJ0Gva	sha1	84D56BF8098BD307B766D8E1EBAD6596AA6B6761	F5CDD53C0850F96A4F3AB797DA5683E669D268F7	45AF17B0DBF738DD266B9384	good	-	-	1679451047.000000	1679796646.000000
1679442772.632153	FnmWl71j6JtYDE4Rh9	sha1	8F7702DC0E21D05E555FA7C877EE1AE931EAD382	4FCBACA8C2EFABDD836F6BBFCE983D5C58257615	5BF2C6C67A848E3E2C44CF7F	good	-	-	1679454054.000000	1679799653.000000
1679442772.673406	FjCR6mAjqRdVIHkFd	sha1	8F7702DC0E21D05E555FA7C877EE1AE931EAD382	4FCBACA8C2EFABDD836F6BBFCE983D5C58257615	5BF2C6C67A848E3E2C44CF7F	good	-	-	1679454054.000000	1679799653.000000
1679442773.013012	Fz5Czj29O5wBxCUbf4	sha1	6B7064FE6A7443DC2D6D5B79ECACA7AE5C2EC33F	F8EF7FF2CD7867A8DE6F8F248D88F1870302B3EB	57FC0635C1BBC7B71DF689D8	good	-	-	1679451581.000000	1679797180.000000
1679442773.019761	FDEFEQ2ry3p09AVH11	sha1	6B7064FE6A7443DC2D6D5B79ECACA7AE5C2EC33F	F8EF7FF2CD7867A8DE6F8F248D88F1870302B3EB	57FC0635C1BBC7B71DF689D8	good	-	-	1679451581.000000	1679797180.000000
1679442773.930384	FIWrMuCqKnY0eEYAe	sha1	C72E798ADDFF6134B3BAED4742B8BBC6C0240763	8A747FAF85CDEE95CD3D9CD0E24614F371351D27	28B4CE5449A7CF700A6421496ED39792	good	-	-	1679410841.000000	1680012040.000000
1679442773.944321	FF2JQg2UQvwS1Gtsld	sha1	933232B4DE7362628418BEEE08CF27E7F4E24D74	587B8E752AFE6180AA904001AED6E807466E3F48	2479B3EA2B088A261D0242BA	good	-	-	1679455696.000000	1679801295.000000
1679442773.948888	FTX7Rp3DsJOTjLubz	sha1	6B7064FE6A7443DC2D6D5B79ECACA7AE5C2EC33F	F8EF7FF2CD7867A8DE6F8F248D88F1870302B3EB	66397DB8926A328BB986B2EC	good	-	-	1679451480.000000	1679797079.000000
1679442773.998630	FB8xTH39xpBsrrI3td	sha1	0C9E4D9C3DEDEF84D891E972C7CF8406BC197B07	96DE61F1BD1C1629531CC0CC7D3B830040E61A7C	36E95FE39659B630730FB87B	good	-	-	1679447380.000000	1679792979.000000
1679442774.655297	FXzwBFsKoNQpO4zg8	sha1	0C9E4D9C3DEDEF84D891E972C7CF8406BC197B07	96DE61F1BD1C1629531CC0CC7D3B830040E61A7C	1D4E74314DD28598D66EA9C3	good	-	-	1679445705.000000	1679791304.000000
1679442774.696660	FQSiRi2Fk0eeuZ4Fq	sha1	0C9E4D9C3DEDEF84D891E972C7CF8406BC197B07	96DE61F1BD1C1629531CC0CC7D3B830040E61A7C	1D4E74314DD28598D66EA9C3	good	-	-	1679445705.000000	1679791304.000000
1679442774.832466	FjWTKZ1yrturxrR5j9	sha1	2828E1C94506C213EDC35EAC058B3B41C4B61D87	0D98C0737FABBDBDD9474B49AD0A4A0CAC3EC77C	15CBE0D6C4CEC4867948F64B	good	-	-	1679449220.000000	1679794819.000000
1679442774.869974	FaiQsO3rtgRDXsEkbh	sha1	CF94DC5C304AA79485721F956E67895AC21657DD	F6850A3B1186E1047D0EAA0B2CD2EECC647B7BAE	AFC0A8FDE886E5E89BEB23E189A0D987	good	-	-	1679188182.000000	1679792981.000000
1679442775.202893	FRR3HD274kZzePWi41	sha1	6B7064FE6A7443DC2D6D5B79ECACA7AE5C2EC33F	F8EF7FF2CD7867A8DE6F8F248D88F1870302B3EB	36F6F2739DA96E1BFD9539E2	good	-	-	1679446087.000000	1679791686.000000
1679442775.210709	FQulho3AlMc974rzH3	sha1	6B7064FE6A7443DC2D6D5B79ECACA7AE5C2EC33F	F8EF7FF2CD7867A8DE6F8F248D88F1870302B3EB	60528B6DDF5F34932FBACB39	good	-	-	1679456246.000000	1679801845.000000
1679442775.246255	FaoCVJFwfregpaYpc	sha1	933232B4DE7362628418BEEE08CF27E7F4E24D74	587B8E752AFE6180AA904001AED6E807466E3F48	15EBA7EECEA78482970D5E0A	good	-	-	1679445852.000000	1679791451.000000
1679442775.417040	FwsUES3n2HFe2RUE2	sha1	C72E798ADDFF6134B3BAED4742B8BBC6C0240763	8A747FAF85CDEE95CD3D9CD0E24614F371351D27	B7C4DE6ECDBE662A0ADBA79728BBF7F5	good	-	-	1679409413.000000	1680010612.000000
1679442775.790248	FgZ9jI2xLTq5yio1O2	sha1	A5E2344EF5763A9CE2F31E9B9807B0075727A5F9	B390A7D8C9AF4ECD613C9F7CAD5D7F41FD6930EA	913107D3FA7F4DCEA63424B7E8D98251	good	-	-	1679300656.000000	1679905455.000000
1679442775.795489	FSesbq3HETZO6f4aZa	sha1	6B7064FE6A7443DC2D6D5B79ECACA7AE5C2EC33F	F8EF7FF2CD7867A8DE6F8F248D88F1870302B3EB	404AFCF79B23B39E3BF7BB98	good	-	-	1679451505.000000	1679797104.000000
1679442775.940400	F9E7YI3LrGNsqbrDfc	sha1	430BD20E4F137A1A6C918F24E5DA7E324D4733C8	8D8C5EC454AD8AE177E99BF99B05E1B8018D61E1	B29EAACD52A46549A147A69366AD6D71	good	-	-	1679449289.000000	1680054088.000000
1679442775.951191	FVWSvu1nQwL8TVHJKh	sha1	B6080D5F6C6B76EB13E438A5F8660BA85233344E	40C2BD278ECC348330A233D7FB6CB3F0B42C80CE	9630474B058DA275	good	-	-	1679440284.000000	1679569884.000000
1679442776.026649	FzYUGd2DKG9ZHbMOhe	sha1	933232B4DE7362628418BEEE08CF27E7F4E24D74	587B8E752AFE6180AA904001AED6E807466E3F48	1D7C05885687DB83B4E2F5F8	good	-	-	1679447763.000000	1679793362.000000
1679442776.026778	FwSClB3OPa7B02j9S4	sha1	933232B4DE7362628418BEEE08CF27E7F4E24D74	587B8E752AFE6180AA904001AED6E807466E3F48	1D7C05885687DB83B4E2F5F8	good	-	-	1679447763.000000	1679793362.000000
1679442776.202129	FE7ffD43hx4JVKPHMk	sha1	84D56BF8098BD307B766D8E1EBAD6596AA6B6761	F5CDD53C0850F96A4F3AB797DA5683E669D268F7	4689635D4E22CD737D3AE324	good	-	-	1679448954.000000	1679794553.000000
1679442776.340724	Fo1FpUsGBCtRVTEs5	sha1	933232B4DE7362628418BEEE08CF27E7F4E24D74	587B8E752AFE6180AA904001AED6E807466E3F48	107276BDEFDDB95A75F938E4	good	-	-	1679451822.000000	1679797421.000000
1679442776.369103	FH8CZ31o8Gj6GZzCAf	sha1	6B7064FE6A7443DC2D6D5B79ECACA7AE5C2EC33F	F8EF7FF2CD7867A8DE6F8F248D88F1870302B3EB	45E89D7A5A7FF2E5DAD0FEA2	good	-	-	1679446567.000000	1679792166.000000
1679442776.597398	FGledSus0GTCrZtR6	sha1	6B7064FE6A7443DC2D6D5B79ECACA7AE5C2EC33F	F8EF7FF2CD7867A8DE6F8F248D88F1870302B3EB	28BD3954B9F9645CA6F51E19	good	-	-	1679453922.000000	1679799521.000000
1679442776.602994	Fmwwk54hHOzv4GZit6	sha1	6B7064FE6A7443DC2D6D5B79ECACA7AE5C2EC33F	F8EF7FF2CD7867A8DE6F8F248D88F1870302B3EB	28BD3954B9F9645CA6F51E19	good	-	-	1679453922.000000	1679799521.000000
1679442776.611882	FoRUjQ1NVcclJvWeR1	sha1	6B7064FE6A7443DC2D6D5B79ECACA7AE5C2EC33F	F8EF7FF2CD7867A8DE6F8F248D88F1870302B3EB	28BD3954B9F9645CA6F51E19	good	-	-	1679453922.000000	1679799521.000000
1679442777.807821	FSKJjU17j8IgX1KIxi	sha1	2828E1C94506C213EDC35EAC058B3B41C4B61D87	0D98C0737FABBDBDD9474B49AD0A4A0CAC3EC77C	45EBEB34F788C8F18AC0D044	good	-	-	1679449661.000000	1679795260.000000
1679442780.124305	FC5g432U76WcSpvkHe	sha1	933232B4DE7362628418BEEE08CF27E7F4E24D74	587B8E752AFE6180AA904001AED6E807466E3F48	3AC40707BD25E0584579FF07	good	-	-	1679451236.000000	1679796835.000000
1679442787.926917	F0qlJedaNkEZ4kzO5	sha1	430BD20E4F137A1A6C918F24E5DA7E324D4733C8	8D8C5EC454AD8AE177E99BF99B05E1B8018D61E1	B66D1C341BCDA201C7E63A4624BAD5A3	good	-	-	1679371388.000000	1679976187.000000
1679442787.970954	FuoPvA3DEEX8kTIb8l	sha1	48DAC9A0FB2BD32D4FF0DE68D2F567B735F9B3C4	142EB317B75856CBAE500940E61FAF9D8B14C2C6	04DEFC14776548A3FD19188549EB29767DAC	good	-	-	1679259600.000000	1679864398.000000
1679442787.982376	FwsjMBfDq17tK5Ljh	sha1	430BD20E4F137A1A6C918F24E5DA7E324D4733C8	8D8C5EC454AD8AE177E99BF99B05E1B8018D61E1	DB345EB8FAA84C1C511487E57CE8D77C	good	-	-	1678870753.000000	1679475552.000000
1679442788.008560	FUARZt2Wiu0gO0xhji	sha1	48DAC9A0FB2BD32D4FF0DE68D2F567B735F9B3C4	142EB317B75856CBAE500940E61FAF9D8B14C2C6	03E444FDA495386C5084D2AD0BCF6DD99B37	good	-	-	1679371200.000000	1679975998.000000
1679442788.018023	FhtgC14wPyNDNc56Pc	sha1	48DAC9A0FB2BD32D4FF0DE68D2F567B735F9B3C4	142EB317B75856CBAE500940E61FAF9D8B14C2C6	03B657A7A71F39D05792A250FDB318399772	good	-	-	1679263200.000000	1679867998.000000
1679442788.105769	F97hB13z61MEysHftg	sha1	48DAC9A0FB2BD32D4FF0DE68D2F567B735F9B3C4	142EB317B75856CBAE500940E61FAF9D8B14C2C6	032EFDAC40B67E7DE0ABFF7A2C76E4EF45C4	good	-	-	1679317200.000000	1679921998.000000
1679442788.372499	FdN8ds3fkv9Rl3jhNb	sha1	21F3459A10CAA6C84BDA1E3962B127D5338A7C48	17D9D6252767F931C24943D93036448C6CA94FEB	E76A2BE69DC8A7AC12D413316B389890	good	-	-	1679454664.000000	1680059463.000000
1679442788.559492	FhFat53nA4iEctsURf	sha1	48DAC9A0FB2BD32D4FF0DE68D2F567B735F9B3C4	142EB317B75856CBAE500940E61FAF9D8B14C2C6	04B2568079A18EF6F7184666843DB06F6AC5	good	-	-	1679259600.000000	1679864398.000000
1679442788.584592	FTsfQbkbhfcf4ko3i	sha1	A5E2344EF5763A9CE2F31E9B9807B0075727A5F9	B390A7D8C9AF4ECD613C9F7CAD5D7F41FD6930EA	500E39C7CCB406AC1FFDC1BDE525D027	good	-	-	1679296288.000000	1679901087.000000
1679442788.619197	FCGcw038nWiZCWmBGf	sha1	A5E2344EF5763A9CE2F31E9B9807B0075727A5F9	B390A7D8C9AF4ECD613C9F7CAD5D7F41FD6930EA	500E39C7CCB406AC1FFDC1BDE525D027	good	-	-	1679296288.000000	1679901087.000000
#close	2023-03-21-19-57-45
